扩展词名称 "vi" has already been taken.
扩展词名称 "黛蛤散" has already been taken.
扩展词名称 "鞣酸" has already been taken.
扩展词名称 "鞣柳硼三酸散" has already been taken.
扩展词名称 "鲨肝醇" has already been taken.
扩展词名称 "鲑降钙素" has already been taken.
扩展词名称 "羧甲司坦片" has already been taken.
扩展词名称 "羧甲司坦" has already been taken.
扩展词名称 "羟甲烟胺片" has already been taken.
扩展词名称 "羟甲烟胺" has already been taken.
扩展词名称 "羟甲香豆素片" has already been taken.
扩展词名称 "羟甲香豆素" has already been taken.
扩展词名称 "羟布宗片" has already been taken.
扩展词名称 "蟾马正痛酊" has already been taken.
扩展词名称 "癃清片" has already been taken.
扩展词名称 "痱子粉" has already been taken.
扩展词名称 "痧药" has already been taken.
扩展词名称 "痧气丸" has already been taken.
扩展词名称 "痫症镇心丸" has already been taken.
扩展词名称 "鸢都寒痹液" has already been taken.
扩展词名称 "钆特酸葡胺" has already been taken.
扩展词名称 "钆喷酸葡胺" has already been taken.
扩展词名称 "蠲哮片" has already been taken.
扩展词名称 "礞石滚痰丸" has already been taken.
扩展词名称 "礞石滚痰片" has already been taken.
扩展词名称 "祛瘀益胃片" has already been taken.
扩展词名称 "祛浊茶" has already been taken.
扩展词名称 "祛腐二香栓" has already been taken.
扩展词名称 "祛痹舒肩丸" has already been taken.
扩展词名称 "祛白酊" has already been taken.
扩展词名称 "臌症丸" has already been taken.
扩展词名称 "胱氨酸" has already been taken.
扩展词名称 "橘半枳术丸" has already been taken.
扩展词名称 "榄香烯" has already been taken.
扩展词名称 "榄葱茶" has already been taken.
扩展词名称 "桉油" has already been taken.
扩展词名称 "枸橼酸" has already been taken.
扩展词名称 "枸磺新啶片" has already been taken.
扩展词名称 "枳术丸" has already been taken.
扩展词名称 "杞蓉片" has already been taken.
扩展词名称 "缬沙坦片" has already been taken.
扩展词名称 "缬沙坦" has already been taken.
扩展词名称 "缬氨酸" has already been taken.
扩展词名称 "绛糖宁片" has already been taken.
扩展词名称 "逍遥丸" has already been taken.
扩展词名称 "溴米索伐" has already been taken.
扩展词名称 "溴化铵" has already been taken.
扩展词名称 "溴化钠" has already been taken.
扩展词名称 "溴化钾" has already been taken.
扩展词名称 "泮托拉唑钠肠溶片" has already been taken.
扩展词名称 "泮托拉唑钠" has already been taken.
扩展词名称 "獾油搽剂" has already been taken.
扩展词名称 "獾油" has already been taken.
扩展词名称 "噻托溴铵粉雾剂" has already been taken.
扩展词名称 "噻托溴铵" has already been taken.
扩展词名称 "噻奈普汀钠片" has already been taken.
扩展词名称 "唑尼沙胺片" has already been taken.
扩展词名称 "唑尼沙胺" has already been taken.
扩展词名称 "咪喹莫特乳膏" has already been taken.
扩展词名称 "咪喹莫特" has already been taken.
扩展词名称 "咪达唑仑" has already been taken.
扩展词名称 "哌喹" has already been taken.
扩展词名称 "哌库溴铵" has already been taken.
扩展词名称 "呱西替柳片" has already been taken.
扩展词名称 "呱西替柳干混悬剂" has already been taken.
扩展词名称 "呱西替柳" has already been taken.
扩展词名称 "吲达帕胺片" has already been taken.
扩展词名称 "吲达帕胺" has already been taken.
扩展词名称 "吡嘧司特钾片" has already been taken.
扩展词名称 "吡嘧司特钾" has already been taken.
扩展词名称 "吡喹酮片" has already been taken.
扩展词名称 "吡喹酮" has already been taken.
扩展词名称 "吡哌酸片" has already been taken.
扩展词名称 "吡哌酸" has already been taken.
扩展词名称 "吡诺克辛钠" has already been taken.
扩展词名称 "吡诺克辛" has already been taken.
扩展词名称 "吡罗昔康片" has already been taken.
扩展词名称 "吡罗昔康肠溶片" has already been taken.
扩展词名称 "吡罗昔康搽剂" has already been taken.
扩展词名称 "吡罗昔康" has already been taken.
扩展词名称 "吡硫翁钠乳膏" has already been taken.
扩展词名称 "吡硫翁钠" has already been taken.
扩展词名称 "吡啦西坦" has already been taken.
扩展词名称 "吡非尼酮" has already been taken.
扩展词名称 "呋噻米片" has already been taken.
扩展词名称 "呋喃西林" has already been taken.
扩展词名称 "呋咱甲氢龙片" has already been taken.
扩展词名称 "呋咱甲氢龙" has already been taken.
扩展词名称 "呋塞米片" has already been taken.
扩展词名称 "呋塞米" has already been taken.
扩展词名称 "呋麻滴鼻液" has already been taken.
扩展词名称 "藿胆丸" has already been taken.
扩展词名称 "藿胆片" has already been taken.
扩展词名称 "萃仙丸" has already been taken.
扩展词名称 "萘啶酸片" has already been taken.
扩展词名称 "萘啶酸" has already been taken.
扩展词名称 "萘丁美酮片" has already been taken.
扩展词名称 "萘丁美酮干混悬剂" has already been taken.
扩展词名称 "萘丁美酮" has already been taken.
扩展词名称 "莪树油" has already been taken.
扩展词名称 "茯菟丸" has already been taken.
扩展词名称 "茯蚁参酒" has already been taken.
扩展词名称 "茴三硫片" has already been taken.
扩展词名称 "茴三硫" has already been taken.
扩展词名称 "茜芷片" has already been taken.
扩展词名称 "芪麝丸" has already been taken.
扩展词名称 "芪血通络片" has already been taken.
扩展词名称 "芪桑益肝丸" has already been taken.
扩展词名称 "芪鹿益肾片" has already been taken.
扩展词名称 "芪棱片" has already been taken.
扩展词名称 "芪丹通脉片" has already been taken.
扩展词名称 "芩连丸" has already been taken.
扩展词名称 "芩草止痢片" has already been taken.
扩展词名称 "芎芷痛瘀散" has already been taken.
扩展词名称 "睾酮" has already been taken.
扩展词名称 "豨莶液" has already been taken.
扩展词名称 "豨莶丸" has already been taken.
扩展词名称 "豨莶通栓丸" has already been taken.
扩展词名称 "豨莶片" has already been taken.
扩展词名称 "豨桐丸" has already been taken.
扩展词名称 "坐珠达西" has already been taken.
扩展词名称 "佐米曲普坦片" has already been taken.
扩展词名称 "佐米曲普坦" has already been taken.
扩展词名称 "左羟丙哌嗪片" has already been taken.
扩展词名称 "左羟丙哌嗪" has already been taken.
扩展词名称 "左西孟旦" has already been taken.
扩展词名称 "左卡尼汀" has already been taken.
扩展词名称 "左金丸" has already been taken.
扩展词名称 "左金片" has already been taken.
扩展词名称 "左归丸" has already been taken.
扩展词名称 "组氨酸" has already been taken.
扩展词名称 "足光散" has already been taken.
扩展词名称 "子仲益肾丸" has already been taken.
扩展词名称 "紫蔻丸" has already been taken.
扩展词名称 "紫雪散" has already been taken.
扩展词名称 "紫雪" has already been taken.
扩展词名称 "紫杉醇" has already been taken.
扩展词名称 "紫龙金片" has already been taken.
扩展词名称 "紫椒癣酊" has already been taken.
扩展词名称 "紫归治裂膏" has already been taken.
扩展词名称 "紫灯片" has already been taken.
扩展词名称 "紫冰油" has already been taken.
扩展词名称 "滋肾育胎丸" has already been taken.
扩展词名称 "滋肾丸" has already been taken.
扩展词名称 "滋肾宁神丸" has already been taken.
扩展词名称 "资生丸" has already been taken.
扩展词名称 "壮元补身酒" has already been taken.
扩展词名称 "壮腰消痛液" has already been taken.
扩展词名称 "壮腰健肾丸" has already been taken.
扩展词名称 "壮腰健肾片" has already been taken.
扩展词名称 "壮血片" has already been taken.
扩展词名称 "壮西六味丸" has already been taken.
扩展词名称 "壮西六味散" has already been taken.
扩展词名称 "壮筋续骨丸" has already been taken.
扩展词名称 "壮骨丸" has already been taken.
扩展词名称 "壮骨酒" has already been taken.
扩展词名称 "驻车丸" has already been taken.
扩展词名称 "助消膏" has already been taken.
扩展词名称 "竹沥片" has already been taken.
扩展词名称 "竹沥膏" has already been taken.
扩展词名称 "珠珀保婴散" has already been taken.
扩展词名称 "珠黄消疳散" has already been taken.
扩展词名称 "珠黄散" has already been taken.
扩展词名称 "珠黄吹喉散" has already been taken.
扩展词名称 "珠贝定喘丸" has already been taken.
扩展词名称 "仲景胃灵丸" has already been taken.
扩展词名称 "仲景胃灵片" has already been taken.
扩展词名称 "重感灵片" has already been taken.
扩展词名称 "治伤消瘀丸" has already been taken.
扩展词名称 "治伤跌打丸" has already been taken.
扩展词名称 "治痢片" has already been taken.
扩展词名称 "治咳片" has already been taken.
扩展词名称 "治红丸" has already been taken.
扩展词名称 "治感佳片" has already been taken.
扩展词名称 "治冻灵" has already been taken.
扩展词名称 "治带片" has already been taken.
扩展词名称 "痔瘘舒丸" has already been taken.
扩展词名称 "痔炎消片" has already been taken.
扩展词名称 "痔血丸" has already been taken.
扩展词名称 "痔痛安搽剂" has already been taken.
扩展词名称 "痔特佳片" has already been taken.
扩展词名称 "痔速宁片" has already been taken.
扩展词名称 "痔宁片" has already been taken.
扩展词名称 "痔康片" has already been taken.
扩展词名称 "痔疾栓" has already been taken.
扩展词名称 "稚儿灵膏滋" has already been taken.
扩展词名称 "制金柑丸" has already been taken.
扩展词名称 "止嗽丸" has already been taken.
扩展词名称 "止嗽扫痰丸" has already been taken.
扩展词名称 "止嗽片" has already been taken.
扩展词名称 "止嗽立效丸" has already been taken.
扩展词名称 "止嗽立效片" has already been taken.
扩展词名称 "止嗽定喘丸" has already been taken.
扩展词名称 "止嗽定喘片" has already been taken.
扩展词名称 "止痢七味散" has already been taken.
扩展词名称 "止痢宁片" has already been taken.
扩展词名称 "止红肠辟丸" has already been taken.
扩展词名称 "止带消糜栓" has already been taken.
扩展词名称 "止带片" has already been taken.
扩展词名称 "脂清片" has already been taken.
扩展词名称 "脂降宁片" has already been taken.
扩展词名称 "脂必妥片" has already been taken.
扩展词名称 "正胃片" has already been taken.
扩展词名称 "正天丸" has already been taken.
扩展词名称 "正伤消痛膏" has already been taken.
扩展词名称 "正金油" has already been taken.
扩展词名称 "镇痫片" has already been taken.
扩展词名称 "镇银膏" has already been taken.
扩展词名称 "镇坎散" has already been taken.
扩展词名称 "振源片" has already been taken.
扩展词名称 "震灵丸" has already been taken.
扩展词名称 "贞杞肝泰片" has already been taken.
扩展词名称 "珍黛散" has already been taken.
扩展词名称 "珍珠粉" has already been taken.
扩展词名称 "珍元清咽散" has already been taken.
扩展词名称 "珍杉理胃片" has already been taken.
扩展词名称 "珍黄胃片" has already been taken.
扩展词名称 "珍黄安宫片" has already been taken.
扩展词名称 "珍合灵片" has already been taken.
扩展词名称 "障翳散" has already been taken.
扩展词名称 "障眼明片" has already been taken.
扩展词名称 "樟脑" has already been taken.
扩展词名称 "扎来普隆片" has already been taken.
扩展词名称 "扎来普隆" has already been taken.
扩展词名称 "增乳膏" has already been taken.
扩展词名称 "增抗宁片" has already been taken.
扩展词名称 "藻酸双酯钠片" has already been taken.
扩展词名称 "藻酸双酯钠" has already been taken.
扩展词名称 "藻酸双脂钠片" has already been taken.
扩展词名称 "脏连丸" has already been taken.
扩展词名称 "孕三烯酮" has already been taken.
扩展词名称 "孕二烯酮" has already been taken.
扩展词名称 "晕痛定片" has already been taken.
扩展词名称 "晕复静片" has already been taken.
扩展词名称 "云南白药" has already been taken.
扩展词名称 "月泰贴脐片" has already been taken.
扩展词名称 "月见草油" has already been taken.
扩展词名称 "越菊二陈丸" has already been taken.
扩展词名称 "越鞠丸" has already been taken.
扩展词名称 "元胡胃舒片" has already been taken.
扩展词名称 "愈渊丸" has already been taken.
扩展词名称 "愈伤膏" has already been taken.
扩展词名称 "愈美片" has already been taken.
扩展词名称 "愈裂贴膏" has already been taken.
扩展词名称 "愈肝片" has already been taken.
扩展词名称 "愈风宁心丸" has already been taken.
扩展词名称 "愈风宁心片" has already been taken.
扩展词名称 "愈风丹" has already been taken.
扩展词名称 "愈酚伪麻片" has already been taken.
扩展词名称 "愈酚维林片" has already been taken.
扩展词名称 "愈带丸" has already been taken.
扩展词名称 "玉真散" has already been taken.
扩展词名称 "玉枢散" has already been taken.
扩展词名称 "玉露保肺丸" has already been taken.
扩展词名称 "鱼石脂" has already been taken.
扩展词名称 "鱼肝油" has already been taken.
扩展词名称 "右酮洛芬片" has already been taken.
扩展词名称 "右美沙芬缓释混悬液" has already been taken.
扩展词名称 "右归丸" has already been taken.
扩展词名称 "右泛醇" has already been taken.
扩展词名称 "营心丹" has already been taken.
扩展词名称 "英花片" has already been taken.
扩展词名称 "引阳索片" has already been taken.
扩展词名称 "引阳索" has already been taken.
扩展词名称 "银屑片" has already been taken.
扩展词名称 "银屑灵膏" has already been taken.
扩展词名称 "银翘散" has already been taken.
扩展词名称 "银翘片" has already been taken.
扩展词名称 "银翘袋泡剂" has already been taken.
扩展词名称 "银蜜片" has already been taken.
扩展词名称 "银菊清解片" has already been taken.
扩展词名称 "银葛通脉茶" has already been taken.
扩展词名称 "银冰消痤酊" has already been taken.
扩展词名称 "异烟腙片" has already been taken.
扩展词名称 "异烟肼" has already been taken.
扩展词名称 "异亮氨酸" has already been taken.
扩展词名称 "异福片" has already been taken.
扩展词名称 "异丁司特" has already been taken.
扩展词名称 "异丙托溴铵" has already been taken.
扩展词名称 "益元散" has already been taken.
扩展词名称 "益血生片" has already been taken.
扩展词名称 "益血膏" has already been taken.
扩展词名称 "益虚宁片" has already been taken.
扩展词名称 "益心丸" has already been taken.
扩展词名称 "益心酮片" has already been taken.
扩展词名称 "益心舒丸" has already been taken.
扩展词名称 "益心舒片" has already been taken.
扩展词名称 "益心宁神片" has already been taken.
扩展词名称 "益心康片" has already been taken.
扩展词名称 "益胃膏" has already been taken.
扩展词名称 "益肾蠲痹丸" has already been taken.
扩展词名称 "益肾液" has already been taken.
扩展词名称 "益肾兴阳丸" has already been taken.
扩展词名称 "益肾丸" has already been taken.
扩展词名称 "益肾十七味丸" has already been taken.
扩展词名称 "益肾健骨片" has already been taken.
扩展词名称 "益肾补骨液" has already been taken.
扩展词名称 "益身灵丸" has already been taken.
扩展词名称 "益脑片" has already been taken.
扩展词名称 "益脑宁片" has already been taken.
扩展词名称 "益母丸" has already been taken.
扩展词名称 "益母片" has already been taken.
扩展词名称 "益脉康片" has already been taken.
扩展词名称 "益龄精" has already been taken.
扩展词名称 "益坤丸" has already been taken.
扩展词名称 "益坤宁酊" has already been taken.
扩展词名称 "益坤宁片" has already been taken.
扩展词名称 "益肝灵片" has already been taken.
扩展词名称 "益肝膏" has already been taken.
扩展词名称 "益肺清化膏" has already been taken.
扩展词名称 "益多酯片" has already been taken.
扩展词名称 "益多酯" has already been taken.
扩展词名称 "益胆片" has already been taken.
扩展词名称 "抑亢丸" has already been taken.
扩展词名称 "抑亢散" has already been taken.
扩展词名称 "乙氧苯柳胺" has already been taken.
扩展词名称 "乙醇" has already been taken.
扩展词名称 "胰酶肠溶片" has already been taken.
扩展词名称 "胰酶" has already been taken.
扩展词名称 "胰激肽原酶肠溶片" has already been taken.
扩展词名称 "胰激肽原酶" has already been taken.
扩展词名称 "胰岛素" has already been taken.
扩展词名称 "胰蛋白酶" has already been taken.
扩展词名称 "伊曲康唑" has already been taken.
扩展词名称 "伊来西胺片" has already been taken.
扩展词名称 "伊来西胺" has already been taken.
扩展词名称 "依西美坦片" has already been taken.
扩展词名称 "依西美坦" has already been taken.
扩展词名称 "依替巴肽" has already been taken.
扩展词名称 "依诺沙星" has already been taken.
扩展词名称 "依非韦伦片" has already been taken.
扩展词名称 "医痫丸" has already been taken.
扩展词名称 "一柱天酒" has already been taken.
扩展词名称 "一枝蒿伤湿祛痛膏" has already been taken.
扩展词名称 "一捻金" has already been taken.
扩展词名称 "夜尿宁丸" has already been taken.
扩展词名称 "叶酸片" has already been taken.
扩展词名称 "叶酸" has already been taken.
扩展词名称 "叶绿油" has already been taken.
扩展词名称 "药墨" has already been taken.
扩展词名称 "药艾条" has already been taken.
扩展词名称 "腰肾膏" has already been taken.
扩展词名称 "养元益肾酒" has already been taken.
扩展词名称 "养荣丸" has already been taken.
扩展词名称 "养脾散" has already been taken.
扩展词名称 "养肝还睛丸" has already been taken.
扩展词名称 "养肺丸" has already been taken.
扩展词名称 "氧化亚氮" has already been taken.
扩展词名称 "氧化锌" has already been taken.
扩展词名称 "氧化镁" has already been taken.
扩展词名称 "氧氟沙星" has already been taken.
扩展词名称 "羊痫疯丸" has already been taken.
扩展词名称 "羊藿益肾酒" has already been taken.
扩展词名称 "羊藿三七片" has already been taken.
扩展词名称 "艳友茶" has already been taken.
扩展词名称 "炎琥宁" has already been taken.
扩展词名称 "炎宁片" has already been taken.
扩展词名称 "炎立消丸" has already been taken.
扩展词名称 "炎立消片" has already been taken.
扩展词名称 "炎痢净片" has already been taken.
扩展词名称 "炎可宁丸" has already been taken.
扩展词名称 "炎可宁片" has already been taken.
扩展词名称 "炎见宁片" has already been taken.
扩展词名称 "岩鹿乳康片" has already been taken.
扩展词名称 "盐酸" has already been taken.
扩展词名称 "盐蛇散" has already been taken.
扩展词名称 "烟酸" has already been taken.
扩展词名称 "亚油酸" has already been taken.
扩展词名称 "亚硝酸钠" has already been taken.
扩展词名称 "亚甲蓝" has already been taken.
扩展词名称 "血骚普清散" has already been taken.
扩展词名称 "血平片" has already been taken.
扩展词名称 "血宁片" has already been taken.
扩展词名称 "血美安片" has already been taken.
扩展词名称 "血府逐瘀丸" has already been taken.
扩展词名称 "血府逐瘀片" has already been taken.
扩展词名称 "血宝片" has already been taken.
扩展词名称 "癣药玉红膏" has already been taken.
扩展词名称 "玄驹片" has already been taken.
扩展词名称 "杏香兔耳风片" has already been taken.
扩展词名称 "醒消丸" has already been taken.
扩展词名称 "心舒丸" has already been taken.
扩展词名称 "心舒宝片" has already been taken.
扩展词名称 "心荣片" has already been taken.
扩展词名称 "心宁片" has already been taken.
扩展词名称 "心脑欣丸" has already been taken.
扩展词名称 "心脑欣片" has already been taken.
扩展词名称 "心脑舒通片" has already been taken.
扩展词名称 "心脑康片" has already been taken.
扩展词名称 "心脑静片" has already been taken.
扩展词名称 "心脑健片" has already been taken.
扩展词名称 "心脉通片" has already been taken.
扩展词名称 "心脉安片" has already been taken.
扩展词名称 "心可舒丸" has already been taken.
扩展词名称 "心可舒片" has already been taken.
扩展词名称 "心宝丸" has already been taken.
扩展词名称 "新癀片" has already been taken.
扩展词名称 "新雪丸" has already been taken.
扩展词名称 "新清宁片" has already been taken.
扩展词名称 "辛芩片" has already been taken.
扩展词名称 "辛伐他汀" has already been taken.
扩展词名称 "泻青丸" has already been taken.
扩展词名称 "泻痢消丸" has already been taken.
扩展词名称 "泻痢消片" has already been taken.
扩展词名称 "泻痢固肠丸" has already been taken.
扩展词名称 "泻痢固肠片" has already been taken.
扩展词名称 "泻痢保童丸" has already been taken.
扩展词名称 "泻肺定喘片" has already been taken.
扩展词名称 "泻毒散" has already been taken.
扩展词名称 "泻白丸" has already been taken.
扩展词名称 "协日嘎四味汤散" has already been taken.
扩展词名称 "消瘿五海丸" has already been taken.
扩展词名称 "消瘿气瘰丸" has already been taken.
扩展词名称 "消瘀康片" has already been taken.
扩展词名称 "消瘀定痛膏" has already been taken.
扩展词名称 "消痤丸" has already been taken.
扩展词名称 "消朦眼膏" has already been taken.
扩展词名称 "消朦片" has already been taken.
扩展词名称 "消痔丸" has already been taken.
扩展词名称 "消痔栓" has already been taken.
扩展词名称 "消痔灵片" has already been taken.
扩展词名称 "消银片" has already been taken.
扩展词名称 "消炎片" has already been taken.
扩展词名称 "消旋卡多曲片" has already been taken.
扩展词名称 "消旋卡多曲口崩片" has already been taken.
扩展词名称 "消旋卡多曲" has already been taken.
扩展词名称 "消糖灵片" has already been taken.
扩展词名称 "消痰咳片" has already been taken.
扩展词名称 "消栓通络片" has already been taken.
扩展词名称 "消糜栓" has already been taken.
扩展词名称 "消络痛片" has already been taken.
扩展词名称 "消咳片" has already been taken.
扩展词名称 "消咳宁片" has already been taken.
扩展词名称 "消积丸" has already been taken.
扩展词名称 "消积化滞片" has already been taken.
扩展词名称 "消核片" has already been taken.
扩展词名称 "消核膏" has already been taken.
扩展词名称 "消疯散" has already been taken.
扩展词名称 "消尔痛酊" has already been taken.
扩展词名称 "消喘膏" has already been taken.
扩展词名称 "消癌平丸" has already been taken.
扩展词名称 "消癌平片" has already been taken.
扩展词名称 "消癥益肝片" has already been taken.
扩展词名称 "消癥丸" has already been taken.
扩展词名称 "硝呋太尔片" has already been taken.
扩展词名称 "硝呋太尔" has already been taken.
扩展词名称 "硝西泮片" has already been taken.
扩展词名称 "硝西泮" has already been taken.
扩展词名称 "硝酸银" has already been taken.
扩展词名称 "硝普钠" has already been taken.
扩展词名称 "硝苯地平" has already been taken.
扩展词名称 "湘曲" has already been taken.
扩展词名称 "香云肝泰片" has already been taken.
扩展词名称 "香药胃安片" has already been taken.
扩展词名称 "香通片" has already been taken.
扩展词名称 "香苏正胃丸" has already been taken.
扩展词名称 "香苏调胃片" has already been taken.
扩展词名称 "香砂枳术丸" has already been taken.
扩展词名称 "香砂胃苓丸" has already been taken.
扩展词名称 "香砂平胃丸" has already been taken.
扩展词名称 "香砂平胃散" has already been taken.
扩展词名称 "香砂六君丸" has already been taken.
扩展词名称 "香砂六君片" has already been taken.
扩展词名称 "香砂理中丸" has already been taken.
扩展词名称 "香砂参术茶" has already been taken.
扩展词名称 "香麻寒喘贴" has already been taken.
扩展词名称 "香连丸" has already been taken.
扩展词名称 "香连素片" has already been taken.
扩展词名称 "香连化滞丸" has already been taken.
扩展词名称 "香连化滞片" has already been taken.
扩展词名称 "香菊片" has already been taken.
扩展词名称 "香果健消片" has already been taken.
扩展词名称 "腺苷" has already been taken.
扩展词名称 "鲜竹沥" has already been taken.
扩展词名称 "仙蟾片" has already been taken.
扩展词名称 "仙灵脾片" has already been taken.
扩展词名称 "仙灵脾酒" has already been taken.
扩展词名称 "仙灵骨葆片" has already been taken.
扩展词名称 "仙蛾酒" has already been taken.
扩展词名称 "夏桑菊片" has already been taken.
扩展词名称 "下消丸" has already been taken.
扩展词名称 "喜树碱" has already been taken.
扩展词名称 "烯丙雌醇片" has already been taken.
扩展词名称 "烯丙雌醇" has already been taken.
扩展词名称 "希明婷片" has already been taken.
扩展词名称 "息伤乐酊" has already been taken.
扩展词名称 "息喘丸" has already been taken.
扩展词名称 "锡类散" has already been taken.
扩展词名称 "西咪替丁片" has already been taken.
扩展词名称 "西咪替丁" has already been taken.
扩展词名称 "西吡氯铵含漱液" has already been taken.
扩展词名称 "西吡氯铵" has already been taken.
扩展词名称 "西帕依麦孜彼子片" has already been taken.
扩展词名称 "西帕依固龈液" has already been taken.
扩展词名称 "西罗莫司" has already been taken.
扩展词名称 "西羚丸" has already been taken.
扩展词名称 "西羚片" has already been taken.
扩展词名称 "西羚丹" has already been taken.
扩展词名称 "西黄丸" has already been taken.
扩展词名称 "西瓜霜" has already been taken.
扩展词名称 "五仁润肠丸" has already been taken.
扩展词名称 "五鹏丸" has already been taken.
扩展词名称 "五灵丸" has already been taken.
扩展词名称 "五淋丸" has already been taken.
扩展词名称 "五加双参片" has already been taken.
扩展词名称 "五加片" has already been taken.
扩展词名称 "五加皮酒" has already been taken.
扩展词名称 "五加参精" has already been taken.
扩展词名称 "五加参归芪精" has already been taken.
扩展词名称 "五积丸" has already been taken.
扩展词名称 "五积散酒" has already been taken.
扩展词名称 "五黄膏" has already been taken.
扩展词名称 "五虎散" has already been taken.
扩展词名称 "五海瘿瘤丸" has already been taken.
扩展词名称 "五海丸" has already been taken.
扩展词名称 "五桂温经片" has already been taken.
扩展词名称 "五根油丸" has already been taken.
扩展词名称 "五根散" has already been taken.
扩展词名称 "五参芪苓丸" has already been taken.
扩展词名称 "乌洛托品片" has already been taken.
扩展词名称 "乌洛托品" has already been taken.
扩展词名称 "乌灵菌粉" has already been taken.
扩展词名称 "乌军治胆片" has already been taken.
扩展词名称 "乌苯美司片" has already been taken.
扩展词名称 "乌苯美司" has already been taken.
扩展词名称 "乌贝散" has already been taken.
扩展词名称 "翁沥通片" has already been taken.
扩展词名称 "稳心片" has already been taken.
扩展词名称 "温胃舒片" has already been taken.
扩展词名称 "温肾全鹿丸" has already been taken.
扩展词名称 "温脾固肠散" has already been taken.
扩展词名称 "温经丸" has already been taken.
扩展词名称 "胃脘舒片" has already been taken.
扩展词名称 "胃疡宁丸" has already been taken.
扩展词名称 "胃舒片" has already been taken.
扩展词名称 "胃散" has already been taken.
扩展词名称 "胃宁散" has already been taken.
扩展词名称 "胃膜素" has already been taken.
扩展词名称 "胃力片" has already been taken.
扩展词名称 "胃立康片" has already been taken.
扩展词名称 "胃乐宁片" has already been taken.
扩展词名称 "胃可宁" has already been taken.
扩展词名称 "胃康灵丸" has already been taken.
扩展词名称 "胃康灵片" has already been taken.
扩展词名称 "胃活灵片" has already been taken.
扩展词名称 "胃复片" has already been taken.
扩展词名称 "胃复春片" has already been taken.
扩展词名称 "胃尔宁片" has already been taken.
扩展词名称 "胃蛋白酶" has already been taken.
扩展词名称 "维血宁" has already been taken.
扩展词名称 "维酶素片" has already been taken.
扩展词名称 "维酶素" has already been taken.
扩展词名称 "维肝福泰片" has already been taken.
扩展词名称 "维胺酯" has already been taken.
扩展词名称 "威喜丸" has already been taken.
扩展词名称 "威麦宁" has already been taken.
扩展词名称 "威隆壮骨酒" has already been taken.
扩展词名称 "万应锭" has already been taken.
扩展词名称 "万应茶" has already been taken.
扩展词名称 "万灵五香膏" has already been taken.
扩展词名称 "万灵片" has already been taken.
扩展词名称 "托吡酯片" has already been taken.
扩展词名称 "托拉塞米片" has already been taken.
扩展词名称 "托拉塞米" has already been taken.
扩展词名称 "托卡朋片" has already been taken.
扩展词名称 "托卡朋" has already been taken.
扩展词名称 "托伐普坦片" has already been taken.
扩展词名称 "退障眼膏" has already been taken.
扩展词名称 "吐根酊" has already been taken.
扩展词名称 "土霉素" has already been taken.
扩展词名称 "头孢噻肟钠" has already been taken.
扩展词名称 "头孢他啶" has already been taken.
扩展词名称 "头风痛丸" has already been taken.
扩展词名称 "痛舒片" has already been taken.
扩展词名称 "痛宁片" has already been taken.
扩展词名称 "痛克搽剂" has already been taken.
扩展词名称 "童康片" has already been taken.
扩展词名称 "童宝乐片" has already been taken.
扩展词名称 "酮洛芬栓" has already been taken.
扩展词名称 "酮洛芬片" has already been taken.
扩展词名称 "酮洛芬缓释小丸" has already been taken.
扩展词名称 "酮洛芬肠溶片" has already been taken.
扩展词名称 "酮洛芬搽剂" has already been taken.
扩展词名称 "酮洛芬" has already been taken.
扩展词名称 "酮康唑" has already been taken.
扩展词名称 "通宣理肺丸" has already been taken.
扩展词名称 "通宣理肺片" has already been taken.
扩展词名称 "通宣理肺膏" has already been taken.
扩展词名称 "通心络片" has already been taken.
扩展词名称 "通舒口爽丸" has already been taken.
扩展词名称 "通塞脉片" has already been taken.
扩展词名称 "通脉强肾酒" has already been taken.
扩展词名称 "通脉片" has already been taken.
扩展词名称 "通脉灵片" has already been taken.
扩展词名称 "通脉宝膏" has already been taken.
扩展词名称 "通络祛痛膏" has already been taken.
扩展词名称 "通络开痹片" has already been taken.
扩展词名称 "通淋片" has already been taken.
扩展词名称 "通痹片" has already been taken.
扩展词名称 "铁娃散" has already been taken.
扩展词名称 "铁笛丸" has already been taken.
扩展词名称 "铁笛片" has already been taken.
扩展词名称 "贴积膏" has already been taken.
扩展词名称 "跳骨片" has already been taken.
扩展词名称 "田七跌打丸" has already been taken.
扩展词名称 "田七补丸" has already been taken.
扩展词名称 "天檀酒" has already been taken.
扩展词名称 "天舒片" has already been taken.
扩展词名称 "天黄猴枣散" has already been taken.
扩展词名称 "天丹通络片" has already been taken.
扩展词名称 "替硝唑" has already been taken.
扩展词名称 "替尼泊苷" has already been taken.
扩展词名称 "替莫唑胺" has already been taken.
扩展词名称 "替米沙坦片" has already been taken.
扩展词名称 "替米沙坦" has already been taken.
扩展词名称 "替加环素" has already been taken.
扩展词名称 "替加氟栓" has already been taken.
扩展词名称 "替加氟片" has already been taken.
扩展词名称 "替加氟" has already been taken.
扩展词名称 "替勃龙片" has already been taken.
扩展词名称 "替勃龙" has already been taken.
扩展词名称 "提毒散" has already been taken.
扩展词名称 "特康唑" has already been taken.
扩展词名称 "烫火散" has already been taken.
扩展词名称 "烫疮油" has already been taken.
扩展词名称 "糖脉康片" has already been taken.
扩展词名称 "糖乐片" has already been taken.
扩展词名称 "唐草片" has already been taken.
扩展词名称 "碳酸锂" has already been taken.
扩展词名称 "碳酸氢钠" has already been taken.
扩展词名称 "碳酸钙" has already been taken.
扩展词名称 "痰饮丸" has already been taken.
扩展词名称 "痰咳清片" has already been taken.
扩展词名称 "痰咳净散" has already been taken.
扩展词名称 "痰咳净片" has already been taken.
扩展词名称 "痰咳净" has already been taken.
扩展词名称 "痰净片" has already been taken.
扩展词名称 "酞丁安乳膏" has already been taken.
扩展词名称 "酞丁安搽剂" has already been taken.
扩展词名称 "酞丁安" has already been taken.
扩展词名称 "胎产金丸" has already been taken.
扩展词名称 "锁精丸" has already been taken.
扩展词名称 "索法酮干混悬剂" has already been taken.
扩展词名称 "索法酮" has already been taken.
扩展词名称 "缩泉丸" has already been taken.
扩展词名称 "苏孜阿甫片" has already been taken.
扩展词名称 "苏合丸" has already been taken.
扩展词名称 "苏氨酸" has already been taken.
扩展词名称 "搜风理肺丸" has already been taken.
扩展词名称 "松栀丸" has already been taken.
扩展词名称 "松石丸" has already been taken.
扩展词名称 "松石散" has already been taken.
扩展词名称 "松节油" has already been taken.
扩展词名称 "松醇" has already been taken.
扩展词名称 "四正丸" has already been taken.
扩展词名称 "四消丸" has already been taken.
扩展词名称 "四香祛湿丸" has already been taken.
扩展词名称 "四物益母丸" has already been taken.
扩展词名称 "四物片" has already been taken.
扩展词名称 "四物膏" has already been taken.
扩展词名称 "四藤片" has already been taken.
扩展词名称 "四圣散" has already been taken.
扩展词名称 "四神丸" has already been taken.
扩展词名称 "四神片" has already been taken.
扩展词名称 "四逆汤" has already been taken.
扩展词名称 "四逆散" has already been taken.
扩展词名称 "四妙丸" has already been taken.
扩展词名称 "四黄泻火片" has already been taken.
扩展词名称 "四虎散" has already been taken.
扩展词名称 "丝氨酸" has already been taken.
扩展词名称 "司坦唑醇片" has already been taken.
扩展词名称 "司坦唑醇" has already been taken.
扩展词名称 "司莫司汀" has already been taken.
扩展词名称 "顺铂" has already been taken.
扩展词名称 "睡安片" has already been taken.
扩展词名称 "水杨酸" has already been taken.
扩展词名称 "水合氯醛" has already been taken.
扩展词名称 "水飞蓟素" has already been taken.
扩展词名称 "水飞蓟宾" has already been taken.
扩展词名称 "双嘧达莫片" has already been taken.
扩展词名称 "双嘧达莫" has already been taken.
扩展词名称 "双唑泰栓" has already been taken.
扩展词名称 "双唑泰乳膏" has already been taken.
扩展词名称 "双唑泰棉栓" has already been taken.
扩展词名称 "双香豆素片" has already been taken.
扩展词名称 "双炔失碳酯" has already been taken.
扩展词名称 "双氯芬酸钾" has already been taken.
扩展词名称 "双灵油" has already been taken.
扩展词名称 "双丹膏" has already been taken.
扩展词名称 "鼠李铋镁片" has already been taken.
扩展词名称 "暑症片" has already been taken.
扩展词名称 "熟三七丸" has already been taken.
扩展词名称 "熟三七散" has already been taken.
扩展词名称 "熟三七片" has already been taken.
扩展词名称 "疏痛安涂膜剂" has already been taken.
扩展词名称 "疏风定痛丸" has already been taken.
扩展词名称 "舒痔丸" has already been taken.
扩展词名称 "舒郁九宝丸" has already been taken.
扩展词名称 "舒气丸" has already been taken.
扩展词名称 "舒眠片" has already been taken.
扩展词名称 "舒泌通丸" has already been taken.
扩展词名称 "舒泌通片" has already been taken.
扩展词名称 "舒络养肝丸" has already been taken.
扩展词名称 "舒络片" has already been taken.
扩展词名称 "舒筋丸" has already been taken.
扩展词名称 "舒筋十二味丸" has already been taken.
扩展词名称 "舒筋健腰丸" has already been taken.
扩展词名称 "舒筋定痛片" has already been taken.
扩展词名称 "舒筋定痛酒" has already been taken.
扩展词名称 "舒筋跌打膏" has already been taken.
扩展词名称 "舒冠片" has already been taken.
扩展词名称 "舒更片" has already been taken.
扩展词名称 "舒肝益脾液" has already been taken.
扩展词名称 "舒肝消积丸" has already been taken.
扩展词名称 "舒肝丸" has already been taken.
扩展词名称 "舒肝散" has already been taken.
扩展词名称 "舒肝平胃丸" has already been taken.
扩展词名称 "舒肝片" has already been taken.
扩展词名称 "舒肝快胃丸" has already been taken.
扩展词名称 "舒肝调气丸" has already been taken.
扩展词名称 "舒腹贴膏" has already been taken.
扩展词名称 "舒尔经片" has already been taken.
扩展词名称 "舒胆片" has already been taken.
扩展词名称 "舒必利片" has already been taken.
扩展词名称 "舒必利" has already been taken.
扩展词名称 "舒巴坦匹酯" has already been taken.
扩展词名称 "舒巴坦钠" has already been taken.
扩展词名称 "食消饮" has already been taken.
扩展词名称 "食母生片" has already been taken.
扩展词名称 "石杏痰咳片" has already been taken.
扩展词名称 "石杉碱甲片" has already been taken.
扩展词名称 "石杉碱甲" has already been taken.
扩展词名称 "石淋通片" has already been taken.
扩展词名称 "石膏" has already been taken.
扩展词名称 "十子强肾酒" has already been taken.
扩展词名称 "十枣丸" has already been taken.
扩展词名称 "十一烯酸酊" has already been taken.
扩展词名称 "十一烯酸锌" has already been taken.
扩展词名称 "十一烯酸" has already been taken.
扩展词名称 "十香暖脐膏" has already been taken.
扩展词名称 "十香返生丸" has already been taken.
扩展词名称 "十香定痛丸" has already been taken.
扩展词名称 "十味手参散" has already been taken.
扩展词名称 "十维片" has already been taken.
扩展词名称 "十灵油" has already been taken.
扩展词名称 "十灰丸" has already been taken.
扩展词名称 "十灰散" has already been taken.
扩展词名称 "十二味翼首散" has already been taken.
扩展词名称 "十二味痹通搽剂" has already been taken.
扩展词名称 "十八味欧曲丸" has already been taken.
扩展词名称 "湿毒清片" has already been taken.
扩展词名称 "升血膏" has already been taken.
扩展词名称 "升血调元汤" has already been taken.
扩展词名称 "生血丸" has already been taken.
扩展词名称 "生血片" has already been taken.
扩展词名称 "生血宁片" has already been taken.
扩展词名称 "生三七散" has already been taken.
扩展词名称 "生乳片" has already been taken.
扩展词名称 "生乳灵" has already been taken.
扩展词名称 "生脉饮" has already been taken.
扩展词名称 "生脉片" has already been taken.
扩展词名称 "生精片" has already been taken.
扩展词名称 "生肌玉红膏" has already been taken.
扩展词名称 "生肌散" has already been taken.
扩展词名称 "生肌八宝散" has already been taken.
扩展词名称 "肾石通丸" has already been taken.
扩展词名称 "肾石通片" has already been taken.
扩展词名称 "肾上腺素" has already been taken.
扩展词名称 "肾康栓" has already been taken.
扩展词名称 "肾骨散" has already been taken.
扩展词名称 "肾骨片" has already been taken.
扩展词名称 "肾复康片" has already been taken.
扩展词名称 "肾安片" has already been taken.
扩展词名称 "神香苏合丸" has already been taken.
扩展词名称 "神犀丹" has already been taken.
扩展词名称 "伸筋片" has already been taken.
扩展词名称 "蛇咬丸" has already been taken.
扩展词名称 "少腹逐瘀丸" has already been taken.
扩展词名称 "伤疖膏" has already been taken.
扩展词名称 "伤湿祛痛膏" has already been taken.
扩展词名称 "伤湿解痛膏" has already been taken.
扩展词名称 "伤湿宝珍膏" has already been taken.
扩展词名称 "伤痹通酊" has already been taken.
扩展词名称 "山香圆片" has already been taken.
扩展词名称 "山玫片" has already been taken.
扩展词名称 "山梨醇" has already been taken.
扩展词名称 "沙利度胺片" has already been taken.
扩展词名称 "沙利度胺" has already been taken.
扩展词名称 "沙丁胺醇" has already been taken.
扩展词名称 "森登四味汤散" has already been taken.
扩展词名称 "色羟丙钠" has already been taken.
扩展词名称 "色氨酸" has already been taken.
扩展词名称 "散痛舒片" has already been taken.
扩展词名称 "三溴片" has already been taken.
扩展词名称 "三唑仑" has already been taken.
扩展词名称 "三拗片" has already been taken.
扩展词名称 "三杖清肝膏" has already been taken.
扩展词名称 "三肾温阳酒" has already been taken.
扩展词名称 "三肾丸" has already been taken.
扩展词名称 "三七脂肝丸" has already been taken.
扩展词名称 "三七血伤宁散" has already been taken.
扩展词名称 "三七片" has already been taken.
扩展词名称 "三七蜜精" has already been taken.
扩展词名称 "三七化痔丸" has already been taken.
扩展词名称 "三七冠心宁片" has already been taken.
扩展词名称 "三妙丸" has already been taken.
扩展词名称 "三鹿温肾丸" has already been taken.
扩展词名称 "三尖杉酯碱" has already been taken.
扩展词名称 "三黄丸" has already been taken.
扩展词名称 "三果汤散" has already been taken.
扩展词名称 "三臣丸" has already been taken.
扩展词名称 "三臣散" has already been taken.
扩展词名称 "三才封髓丸" has already been taken.
扩展词名称 "三鞭酒" has already been taken.
扩展词名称 "三痹热宝熨剂" has already been taken.
扩展词名称 "三苯双脒肠溶片" has already been taken.
扩展词名称 "三苯双脒" has already been taken.
扩展词名称 "三宝片" has already been taken.
扩展词名称 "赛霉安散" has already been taken.
扩展词名称 "赛霉安乳膏" has already been taken.
扩展词名称 "赛金化毒散" has already been taken.
扩展词名称 "赛庚啶乳膏" has already been taken.
扩展词名称 "塞替派" has already been taken.
扩展词名称 "塞曲司特片" has already been taken.
扩展词名称 "塞曲司特" has already been taken.
扩展词名称 "塞来昔布" has already been taken.
扩展词名称 "润肠丸" has already been taken.
扩展词名称 "润肠通秘茶" has already been taken.
扩展词名称 "润肠宁神膏" has already been taken.
扩展词名称 "瑞花油" has already been taken.
扩展词名称 "瑞草油" has already been taken.
扩展词名称 "瑞巴派特片" has already been taken.
扩展词名称 "瑞巴派特" has already been taken.
扩展词名称 "软皂" has already been taken.
扩展词名称 "乳癖消片" has already been taken.
扩展词名称 "乳癖舒片" has already been taken.
扩展词名称 "乳酸钙" has already been taken.
扩展词名称 "乳酸" has already been taken.
扩展词名称 "乳宁丸" has already been taken.
扩展词名称 "乳宁片" has already been taken.
扩展词名称 "乳酶生片" has already been taken.
扩展词名称 "乳酶生" has already been taken.
扩展词名称 "乳鹿膏" has already been taken.
扩展词名称 "乳块消丸" has already been taken.
扩展词名称 "乳块消贴膏" has already been taken.
扩展词名称 "乳块消片" has already been taken.
扩展词名称 "乳康丸" has already been taken.
扩展词名称 "乳康片" has already been taken.
扩展词名称 "乳结康丸" has already been taken.
扩展词名称 "乳核内消液" has already been taken.
扩展词名称 "乳核内消丸" has already been taken.
扩展词名称 "乳核内消片" has already been taken.
扩展词名称 "乳安丸" has already been taken.
扩展词名称 "乳安片" has already been taken.
扩展词名称 "肉蔻四神丸" has already been taken.
扩展词名称 "绒促性素" has already been taken.
扩展词名称 "溶菌酶" has already been taken.
扩展词名称 "荣心丸" has already been taken.
扩展词名称 "茸血补心丸" has already been taken.
扩展词名称 "茸坤丸" has already been taken.
扩展词名称 "人丹" has already been taken.
扩展词名称 "仁青芒觉" has already been taken.
扩展词名称 "仁青常觉" has already been taken.
扩展词名称 "仁丹" has already been taken.
扩展词名称 "壬苯醇醚栓" has already been taken.
扩展词名称 "壬苯醇醚膜" has already been taken.
扩展词名称 "壬苯醇醚" has already been taken.
扩展词名称 "热痱搽剂" has already been taken.
扩展词名称 "热淋清片" has already been taken.
扩展词名称 "热毒清片" has already been taken.
扩展词名称 "热毒清锭" has already been taken.
扩展词名称 "炔诺酮" has already been taken.
扩展词名称 "炔雌醚" has already been taken.
扩展词名称 "炔雌醇片" has already been taken.
扩展词名称 "炔雌醇" has already been taken.
扩展词名称 "全鹿丸" has already been taken.
扩展词名称 "全鹿片" has already been taken.
扩展词名称 "去羟肌苷" has already been taken.
扩展词名称 "去氧氟尿苷片" has already been taken.
扩展词名称 "去氧氟尿苷" has already been taken.
扩展词名称 "去痛片" has already been taken.
扩展词名称 "去水卫矛醇" has already been taken.
扩展词名称 "驱风油" has already been taken.
扩展词名称 "驱风液" has already been taken.
扩展词名称 "驱风痛片" has already been taken.
扩展词名称 "驱风苏合丸" has already been taken.
扩展词名称 "驱风蛇酒" has already been taken.
扩展词名称 "驱风保济油" has already been taken.
扩展词名称 "曲咪新乳膏" has already been taken.
扩展词名称 "曲昔匹特片" has already been taken.
扩展词名称 "曲司氯铵片" has already been taken.
扩展词名称 "曲司氯铵" has already been taken.
扩展词名称 "曲匹布通片" has already been taken.
扩展词名称 "曲匹布通" has already been taken.
扩展词名称 "曲尼司特片" has already been taken.
扩展词名称 "曲尼司特" has already been taken.
扩展词名称 "曲麦枳术丸" has already been taken.
扩展词名称 "曲安奈德" has already been taken.
扩展词名称 "琼玉膏" has already been taken.
扩展词名称 "情安喘定片" has already been taken.
扩展词名称 "清膈丸" has already been taken.
扩展词名称 "清胰利胆丸" has already been taken.
扩展词名称 "清胰利胆片" has already been taken.
扩展词名称 "清咽抑火丸" has already been taken.
扩展词名称 "清咽丸" has already been taken.
扩展词名称 "清咽舒茶" has already been taken.
扩展词名称 "清咽片" has already been taken.
扩展词名称 "清咽六味散" has already been taken.
扩展词名称 "清咽利膈丸" has already been taken.
扩展词名称 "清血内消丸" has already been taken.
扩展词名称 "清血八味片" has already been taken.
扩展词名称 "清眩治瘫丸" has already been taken.
扩展词名称 "清眩丸" has already been taken.
扩展词名称 "清眩片" has already been taken.
扩展词名称 "清泻丸" has already been taken.
扩展词名称 "清涎快膈丸" has already been taken.
扩展词名称 "清胃丸" has already been taken.
扩展词名称 "清宁丸" has already been taken.
扩展词名称 "清脑复神液" has already been taken.
扩展词名称 "清淋片" has already been taken.
扩展词名称 "清凉油" has already been taken.
扩展词名称 "清咳散" has already been taken.
扩展词名称 "清金理嗽丸" has already been taken.
扩展词名称 "清解片" has already been taken.
扩展词名称 "清降丸" has already been taken.
扩展词名称 "清降片" has already been taken.
扩展词名称 "清火栀麦丸" has already been taken.
扩展词名称 "清火养元片" has already been taken.
扩展词名称 "清火片" has already been taken.
扩展词名称 "清喉散" has already been taken.
扩展词名称 "清感丸" has already been taken.
扩展词名称 "清感九味丸" has already been taken.
扩展词名称 "清肝七味散" has already been taken.
扩展词名称 "清肝片" has already been taken.
扩展词名称 "清肝九味散" has already been taken.
扩展词名称 "清便丸" has already been taken.
扩展词名称 "清艾条" has already been taken.
扩展词名称 "氢醌乳膏" has already been taken.
扩展词名称 "氢醌" has already been taken.
扩展词名称 "氢氧化镁" has already been taken.
扩展词名称 "氢氧化铝" has already been taken.
扩展词名称 "青黛" has already been taken.
扩展词名称 "青蒿素" has already been taken.
扩展词名称 "青霉胺片" has already been taken.
扩展词名称 "青霉胺" has already been taken.
扩展词名称 "青六散" has already been taken.
扩展词名称 "青蛤散" has already been taken.
扩展词名称 "青娥丸" has already been taken.
扩展词名称 "强腰壮骨膏" has already been taken.
扩展词名称 "强阳保肾丸" has already been taken.
扩展词名称 "强肾片" has already been taken.
扩展词名称 "强筋健骨丸" has already been taken.
扩展词名称 "强筋健骨片" has already been taken.
扩展词名称 "强肝丸" has already been taken.
扩展词名称 "强肝片" has already been taken.
扩展词名称 "羌月乳膏" has already been taken.
扩展词名称 "乾元丸" has already been taken.
扩展词名称 "千喜片" has already been taken.
扩展词名称 "气痛丸" has already been taken.
扩展词名称 "启脾丸" has already been taken.
扩展词名称 "奇应内消膏" has already been taken.
扩展词名称 "七珍丸" has already been taken.
扩展词名称 "七叶神安片" has already been taken.
扩展词名称 "七叶莲酊" has already been taken.
扩展词名称 "七叶莲片" has already been taken.
扩展词名称 "七星茶" has already been taken.
扩展词名称 "七味血病丸" has already been taken.
扩展词名称 "七味新消丸" has already been taken.
扩展词名称 "七味糖脉舒片" has already been taken.
扩展词名称 "七味酸藤果丸" has already been taken.
扩展词名称 "七味都气丸" has already been taken.
扩展词名称 "七十味松石丸" has already been taken.
扩展词名称 "七生静片" has already been taken.
扩展词名称 "七厘散" has already been taken.
扩展词名称 "普适泰片" has already been taken.
扩展词名称 "普仑司特" has already been taken.
扩展词名称 "朴沉化郁丸" has already been taken.
扩展词名称 "葡萄糖" has already been taken.
扩展词名称 "扑米酮片" has already been taken.
扩展词名称 "扑米酮" has already been taken.
扩展词名称 "扑感片" has already been taken.
扩展词名称 "扑尔伪麻片" has already been taken.
扩展词名称 "泼尼松" has already been taken.
扩展词名称 "平消片" has already been taken.
扩展词名称 "平胃丸" has already been taken.
扩展词名称 "平胃片" has already been taken.
扩展词名称 "平肝舒络丸" has already been taken.
扩展词名称 "片仔癀" has already been taken.
扩展词名称 "匹维溴铵片" has already been taken.
扩展词名称 "匹维溴铵" has already been taken.
扩展词名称 "匹林咖敏片" has already been taken.
扩展词名称 "匹多莫德散" has already been taken.
扩展词名称 "匹多莫德片" has already been taken.
扩展词名称 "匹多莫德" has already been taken.
扩展词名称 "脾肾双补丸" has already been taken.
扩展词名称 "脾肾两助丸" has already been taken.
扩展词名称 "脾粉片" has already been taken.
扩展词名称 "硼酸" has already been taken.
扩展词名称 "硼砂" has already been taken.
扩展词名称 "盆炎清栓" has already been taken.
扩展词名称 "盆炎净片" has already been taken.
扩展词名称 "喷昔洛韦乳膏" has already been taken.
扩展词名称 "喷昔洛韦" has already been taken.
扩展词名称 "培美曲塞二钠" has already been taken.
扩展词名称 "培坤丸" has already been taken.
扩展词名称 "盘龙七片" has already been taken.
扩展词名称 "帕朱丸" has already been taken.
扩展词名称 "帕司烟肼片" has already been taken.
扩展词名称 "帕司烟肼" has already been taken.
扩展词名称 "帕马溴" has already been taken.
扩展词名称 "诺氟沙星" has already been taken.
扩展词名称 "诺迪康片" has already been taken.
扩展词名称 "暖脐膏" has already been taken.
扩展词名称 "暖宫孕子丸" has already been taken.
扩展词名称 "暖宫孕子片" has already been taken.
扩展词名称 "暖宫七味丸" has already been taken.
扩展词名称 "暖宫七味散" has already been taken.
扩展词名称 "女科十珍丸" has already been taken.
扩展词名称 "女金丸" has already been taken.
扩展词名称 "女金片" has already been taken.
扩展词名称 "牛至肝康丸" has already been taken.
扩展词名称 "牛鲜茶" has already been taken.
扩展词名称 "牛磺酸" has already been taken.
扩展词名称 "牛黄解毒片" has already been taken.
扩展词名称 "宁嗽丸" has already been taken.
扩展词名称 "宁嗽露" has already been taken.
扩展词名称 "宁神丸" has already been taken.
扩展词名称 "宁神定志丸" has already been taken.
扩展词名称 "宁神补心片" has already been taken.
扩展词名称 "宁坤丸" has already been taken.
扩展词名称 "凝血酶" has already been taken.
扩展词名称 "尿嘧啶" has already been taken.
扩展词名称 "尿素" has already been taken.
扩展词名称 "尿塞通片" has already been taken.
扩展词名称 "尿囊素" has already been taken.
扩展词名称 "尿激酶" has already been taken.
扩展词名称 "尿毒排析散" has already been taken.
扩展词名称 "尿促性素" has already been taken.
扩展词名称 "尼扎替丁片" has already been taken.
扩展词名称 "尼扎替丁" has already been taken.
扩展词名称 "尼群地平" has already been taken.
扩展词名称 "尼莫地平" has already been taken.
扩展词名称 "尼古丁" has already been taken.
扩展词名称 "能安均宁散" has already been taken.
扩展词名称 "脑血康丸" has already been taken.
扩展词名称 "脑血康片" has already been taken.
扩展词名称 "脑心通丸" has already been taken.
扩展词名称 "脑心通片" has already been taken.
扩展词名称 "脑心清片" has already been taken.
扩展词名称 "脑塞通丸" has already been taken.
扩展词名称 "脑灵素片" has already been taken.
扩展词名称 "脑灵片" has already been taken.
扩展词名称 "脑立清丸" has already been taken.
扩展词名称 "脑立清片" has already been taken.
扩展词名称 "脑乐静片" has already been taken.
扩展词名称 "脑乐静" has already been taken.
扩展词名称 "脑安片" has already been taken.
扩展词名称 "男康片" has already been taken.
扩展词名称 "奈达铂" has already been taken.
扩展词名称 "木糖醇片" has already been taken.
扩展词名称 "木糖醇" has already been taken.
扩展词名称 "牡荆油乳" has already been taken.
扩展词名称 "莫家清宁丸" has already been taken.
扩展词名称 "磨积散" has already been taken.
扩展词名称 "灭滴栓" has already been taken.
扩展词名称 "灭澳灵片" has already been taken.
扩展词名称 "妙灵丸" has already been taken.
扩展词名称 "妙济丸" has already been taken.
扩展词名称 "秘制舒肝丸" has already been taken.
扩展词名称 "米力农" has already been taken.
扩展词名称 "米非司酮片" has already been taken.
扩展词名称 "米非司酮" has already been taken.
扩展词名称 "米氮平片" has already been taken.
扩展词名称 "米氮平" has already been taken.
扩展词名称 "孟鲁司特钠片" has already been taken.
扩展词名称 "孟鲁司特钠" has already been taken.
扩展词名称 "蒙脱石散" has already been taken.
扩展词名称 "蒙脱石混悬液" has already been taken.
扩展词名称 "蒙脱石" has already been taken.
扩展词名称 "蒙花锚肝宁片" has already been taken.
扩展词名称 "媚灵丸" has already been taken.
扩展词名称 "美索巴莫片" has already been taken.
扩展词名称 "美索巴莫干混悬剂" has already been taken.
扩展词名称 "美索巴莫" has already been taken.
扩展词名称 "美司钠" has already been taken.
扩展词名称 "美洛昔康片" has already been taken.
扩展词名称 "美洛昔康" has already been taken.
扩展词名称 "美酚伪麻片" has already been taken.
扩展词名称 "镁加铝" has already been taken.
扩展词名称 "梅苏丸" has already been taken.
扩展词名称 "玫芦消痤膏" has already been taken.
扩展词名称 "芒硝" has already been taken.
扩展词名称 "慢惊丸" has already been taken.
扩展词名称 "慢肝养阴片" has already been taken.
扩展词名称 "慢肝宁片" has already been taken.
扩展词名称 "蛮龙液" has already been taken.
扩展词名称 "脉血康肠溶片" has already been taken.
扩展词名称 "脉平片" has already been taken.
扩展词名称 "麦迪霉素" has already been taken.
扩展词名称 "吗替麦考酚酯片" has already been taken.
扩展词名称 "吗替麦考酚酯干混悬剂" has already been taken.
扩展词名称 "吗替麦考酚酯" has already been taken.
扩展词名称 "吗氯贝胺片" has already been taken.
扩展词名称 "吗氯贝胺" has already been taken.
扩展词名称 "吗多明片" has already been taken.
扩展词名称 "吗多明" has already been taken.
扩展词名称 "马洛替酯片" has already been taken.
扩展词名称 "马洛替酯" has already been taken.
扩展词名称 "麻仁滋脾丸" has already been taken.
扩展词名称 "麻仁丸" has already been taken.
扩展词名称 "麻仁润肠丸" has already been taken.
扩展词名称 "络通酊" has already been taken.
扩展词名称 "洛索洛芬钠片" has already been taken.
扩展词名称 "洛索洛芬钠" has already been taken.
扩展词名称 "洛莫司汀" has already been taken.
扩展词名称 "洛伐他汀" has already been taken.
扩展词名称 "洛铂" has already been taken.
扩展词名称 "罗通定片" has already been taken.
扩展词名称 "罗通定" has already been taken.
扩展词名称 "罗库溴铵" has already been taken.
扩展词名称 "罗红霉素" has already been taken.
扩展词名称 "萝芙木" has already been taken.
扩展词名称 "萝巴新" has already been taken.
扩展词名称 "卵磷脂" has already been taken.
扩展词名称 "绿萼点舌丸" has already been taken.
扩展词名称 "绿袍散" has already been taken.
扩展词名称 "氯噻酮片" has already been taken.
扩展词名称 "氯唑沙宗片" has already been taken.
扩展词名称 "氯唑沙宗" has already been taken.
扩展词名称 "氯氧喹" has already been taken.
扩展词名称 "氯硝西泮片" has already been taken.
扩展词名称 "氯硝西泮" has already been taken.
扩展词名称 "氯硝柳胺" has already been taken.
扩展词名称 "氯沙坦钾片" has already been taken.
扩展词名称 "氯沙坦钾" has already been taken.
扩展词名称 "氯普噻吨片" has already been taken.
扩展词名称 "氯普噻吨" has already been taken.
扩展词名称 "氯诺昔康片" has already been taken.
扩展词名称 "氯诺昔康" has already been taken.
扩展词名称 "氯美扎酮片" has already been taken.
扩展词名称 "氯美扎酮" has already been taken.
扩展词名称 "氯霉素" has already been taken.
扩展词名称 "氯解磷定" has already been taken.
扩展词名称 "氯磺丙脲片" has already been taken.
扩展词名称 "氯磺丙脲" has already been taken.
扩展词名称 "氯化铵" has already been taken.
扩展词名称 "氯化钠" has already been taken.
扩展词名称 "氯化镁" has already been taken.
扩展词名称 "氯化钾" has already been taken.
扩展词名称 "氯化钙" has already been taken.
扩展词名称 "氯碘羟喹乳膏" has already been taken.
扩展词名称 "氯碘羟喹" has already been taken.
扩展词名称 "氯氮卓片" has already been taken.
扩展词名称 "氯氮卓" has already been taken.
扩展词名称 "氯氮平片" has already been taken.
扩展词名称 "氯氮平" has already been taken.
扩展词名称 "氯贝酸铝片" has already been taken.
扩展词名称 "氯贝酸铝" has already been taken.
扩展词名称 "铝酸铋" has already been taken.
扩展词名称 "铝镁司片" has already been taken.
扩展词名称 "铝镁匹林片" has already been taken.
扩展词名称 "铝镁加混悬液" has already been taken.
扩展词名称 "铝镁混悬液" has already been taken.
扩展词名称 "陆氏润字丸" has already been taken.
扩展词名称 "鹿精培元酒" has already been taken.
扩展词名称 "鹿筋壮骨酒" has already been taken.
扩展词名称 "鹿角胶" has already been taken.
扩展词名称 "卤米松乳膏" has already been taken.
扩展词名称 "卤米松" has already been taken.
扩展词名称 "炉甘石粉" has already been taken.
扩展词名称 "芦丁" has already been taken.
扩展词名称 "龙荟丸" has already been taken.
扩展词名称 "龙掌口含液" has already been taken.
扩展词名称 "龙鹿丸" has already been taken.
扩展词名称 "龙蛾酒" has already been taken.
扩展词名称 "六应丸" has already been taken.
扩展词名称 "六一散" has already been taken.
扩展词名称 "六味消痔片" has already been taken.
扩展词名称 "六味五灵片" has already been taken.
扩展词名称 "六味丸" has already been taken.
扩展词名称 "六味生脉片" has already been taken.
扩展词名称 "六味伤复宁酊" has already been taken.
扩展词名称 "六味能消丸" has already been taken.
扩展词名称 "六味能消片" has already been taken.
扩展词名称 "六味安消丸" has already been taken.
扩展词名称 "六味安消片" has already been taken.
扩展词名称 "六灵丸" has already been taken.
扩展词名称 "六甲蜜胺片" has already been taken.
扩展词名称 "六甲蜜胺" has already been taken.
扩展词名称 "六合定中丸" has already been taken.
扩展词名称 "柳胺酚片" has already been taken.
扩展词名称 "柳胺酚" has already been taken.
扩展词名称 "硫辛酸" has already been taken.
扩展词名称 "硫糖铝片" has already been taken.
扩展词名称 "硫糖铝" has already been taken.
扩展词名称 "硫酸亚铁" has already been taken.
扩展词名称 "硫酸锌" has already been taken.
扩展词名称 "硫酸铜" has already been taken.
扩展词名称 "硫酸镁" has already been taken.
扩展词名称 "硫酸钙" has already been taken.
扩展词名称 "灵芪茶" has already been taken.
扩展词名称 "灵芝茶" has already been taken.
扩展词名称 "灵泽片" has already been taken.
扩展词名称 "灵源万应茶" has already been taken.
扩展词名称 "灵仙跌打片" has already been taken.
扩展词名称 "羚竺散" has already been taken.
扩展词名称 "羚珠散" has already been taken.
扩展词名称 "羚黄宝儿丸" has already been taken.
扩展词名称 "羚黄氨咖敏片" has already been taken.
扩展词名称 "磷酸氢钙" has already been taken.
扩展词名称 "林旦乳膏" has already been taken.
扩展词名称 "林旦" has already been taken.
扩展词名称 "疗肺宁片" has already been taken.
扩展词名称 "亮菌甲素片" has already been taken.
扩展词名称 "亮菌甲素" has already been taken.
扩展词名称 "亮氨酸" has already been taken.
扩展词名称 "两仪膏" has already been taken.
扩展词名称 "良附丸" has already been taken.
扩展词名称 "梁财信跌打丸" has already been taken.
扩展词名称 "凉膈丸" has already been taken.
扩展词名称 "凉血十味散" has already been taken.
扩展词名称 "凉血十味片" has already been taken.
扩展词名称 "连花清瘟片" has already been taken.
扩展词名称 "连参通淋片" has already been taken.
扩展词名称 "联磺甲氧芐啶片" has already been taken.
扩展词名称 "力加寿片" has already been taken.
扩展词名称 "痢泻灵片" has already been taken.
扩展词名称 "痢特敏片" has already been taken.
扩展词名称 "痢速宁片" has already been taken.
扩展词名称 "痢必灵片" has already been taken.
扩展词名称 "利膈丸" has already been taken.
扩展词名称 "利咽灵片" has already been taken.
扩展词名称 "利血平" has already been taken.
扩展词名称 "利心丸" has already been taken.
扩展词名称 "利培酮片" has already been taken.
扩展词名称 "利培酮口崩片" has already been taken.
扩展词名称 "利培酮" has already been taken.
扩展词名称 "利脑心片" has already been taken.
扩展词名称 "利奈唑胺" has already been taken.
扩展词名称 "利鲁唑片" has already been taken.
扩展词名称 "利鲁唑" has already been taken.
扩展词名称 "利拉萘酯乳膏" has already been taken.
扩展词名称 "利拉萘酯" has already been taken.
扩展词名称 "利拉萘脂乳膏" has already been taken.
扩展词名称 "利可君片" has already been taken.
扩展词名称 "利可君" has already been taken.
扩展词名称 "利肝片" has already been taken.
扩展词名称 "利肝隆片" has already been taken.
扩展词名称 "利肝康片" has already been taken.
扩展词名称 "利福昔明片" has already been taken.
扩展词名称 "利福昔明干混悬剂" has already been taken.
扩展词名称 "利福昔明" has already been taken.
扩展词名称 "利福平" has already been taken.
扩展词名称 "利福喷丁" has already been taken.
扩展词名称 "利福定片" has already been taken.
扩展词名称 "利福定" has already been taken.
扩展词名称 "利福布汀" has already been taken.
扩展词名称 "利肺片" has already been taken.
扩展词名称 "利胆清丸" has already been taken.
扩展词名称 "利胆片" has already been taken.
扩展词名称 "利胆排石散" has already been taken.
扩展词名称 "利胆八味散" has already been taken.
扩展词名称 "利鼻片" has already been taken.
扩展词名称 "理中丸" has already been taken.
扩展词名称 "理中片" has already been taken.
扩展词名称 "黎峒丸" has already been taken.
扩展词名称 "肋柱花四味汤散" has already been taken.
扩展词名称 "雷替曲塞" has already been taken.
扩展词名称 "乐脉丸" has already been taken.
扩展词名称 "乐脉片" has already been taken.
扩展词名称 "酪氨酸" has already been taken.
扩展词名称 "老蔻丸" has already been taken.
扩展词名称 "烂积丸" has already been taken.
扩展词名称 "兰索拉唑片" has already been taken.
扩展词名称 "兰索拉唑肠溶片" has already been taken.
扩展词名称 "兰索拉唑" has already been taken.
扩展词名称 "赖氨匹林散" has already been taken.
扩展词名称 "赖氨匹林肠溶片" has already been taken.
扩展词名称 "赖氨匹林" has already been taken.
扩展词名称 "来曲唑片" has already been taken.
扩展词名称 "来曲唑" has already been taken.
扩展词名称 "来氟米特片" has already been taken.
扩展词名称 "来氟米特" has already been taken.
扩展词名称 "拉呋替丁片" has already been taken.
扩展词名称 "拉呋替丁" has already been taken.
扩展词名称 "拉莫三嗪片" has already been taken.
扩展词名称 "拉莫三嗪" has already been taken.
扩展词名称 "拉米夫定片" has already been taken.
扩展词名称 "拉米夫定" has already been taken.
扩展词名称 "坤顺丸" has already been taken.
扩展词名称 "坤灵丸" has already been taken.
扩展词名称 "坤净栓" has already been taken.
扩展词名称 "坤复康片" has already been taken.
扩展词名称 "坤宝丸" has already been taken.
扩展词名称 "宽中老蔻丸" has already been taken.
扩展词名称 "宽胸利膈丸" has already been taken.
扩展词名称 "快应茶" has already been taken.
扩展词名称 "快胃舒肝丸" has already been taken.
扩展词名称 "快胃片" has already been taken.
扩展词名称 "苦金片" has already been taken.
扩展词名称 "苦丹丸" has already been taken.
扩展词名称 "苦参素" has already been taken.
扩展词名称 "苦参碱" has already been taken.
扩展词名称 "口疳吹药" has already been taken.
扩展词名称 "口洁含漱液" has already been taken.
扩展词名称 "控涎丸" has already been taken.
扩展词名称 "孔圣枕中丸" has already been taken.
扩展词名称 "克痤隐酮乳膏" has already been taken.
扩展词名称 "克银丸" has already been taken.
扩展词名称 "克痒敏醑" has already been taken.
扩展词名称 "克泻敏丸" has already been taken.
扩展词名称 "克泻灵片" has already been taken.
扩展词名称 "克痛酊" has already been taken.
扩展词名称 "克霉唑药膜" has already been taken.
扩展词名称 "克霉唑涂膜" has already been taken.
扩展词名称 "克霉唑栓" has already been taken.
扩展词名称 "克霉唑乳膏" has already been taken.
扩展词名称 "克霉唑片" has already been taken.
扩展词名称 "克霉唑" has already been taken.
扩展词名称 "克咳片" has already been taken.
扩展词名称 "克感额日敦片" has already been taken.
扩展词名称 "克补片" has already been taken.
扩展词名称 "克痹骨泰片" has already been taken.
扩展词名称 "科博肽" has already been taken.
扩展词名称 "考来烯胺散" has already been taken.
扩展词名称 "考来烯胺" has already been taken.
扩展词名称 "抗痨丸" has already been taken.
扩展词名称 "抗栓保心片" has already been taken.
扩展词名称 "抗衰灵膏" has already been taken.
扩展词名称 "抗衰复春片" has already been taken.
扩展词名称 "抗宫炎丸" has already been taken.
扩展词名称 "抗宫炎片" has already been taken.
扩展词名称 "抗感片" has already been taken.
扩展词名称 "抗感灵片" has already been taken.
扩展词名称 "糠酸莫米松乳膏" has already been taken.
扩展词名称 "糠酸莫米松" has already been taken.
扩展词名称 "康寿丸" has already been taken.
扩展词名称 "康肾丸" has already been taken.
扩展词名称 "康脉益心片" has already been taken.
扩展词名称 "康妇灵片" has already been taken.
扩展词名称 "康肤酊" has already been taken.
扩展词名称 "坎离砂" has already been taken.
扩展词名称 "开郁舒肝丸" has already been taken.
扩展词名称 "开郁老蔻丸" has already been taken.
扩展词名称 "开塞露" has already been taken.
扩展词名称 "卡托普利" has already been taken.
扩展词名称 "卡莫司汀" has already been taken.
扩展词名称 "卡莫氟片" has already been taken.
扩展词名称 "卡莫氟" has already been taken.
扩展词名称 "卡络磺钠片" has already been taken.
扩展词名称 "卡络磺钠" has already been taken.
扩展词名称 "卡泊三醇" has already been taken.
扩展词名称 "卡铂" has already been taken.
扩展词名称 "卡苯达唑" has already been taken.
扩展词名称 "卡贝缩宫素" has already been taken.
扩展词名称 "咖酚伪麻片" has already been taken.
扩展词名称 "咖啡因" has already been taken.
扩展词名称 "菌痢平片" has already been taken.
扩展词名称 "聚乙烯醇" has already been taken.
扩展词名称 "聚维酮碘药膜" has already been taken.
扩展词名称 "聚维酮碘栓" has already been taken.
扩展词名称 "聚维酮碘散" has already been taken.
扩展词名称 "聚维酮碘乳膏" has already been taken.
扩展词名称 "聚维酮碘含漱液" has already been taken.
扩展词名称 "聚维酮碘" has already been taken.
扩展词名称 "聚卡波非钙" has already been taken.
扩展词名称 "聚桂醇" has already been taken.
扩展词名称 "救心丸" has already been taken.
扩展词名称 "救心金丸" has already been taken.
扩展词名称 "救惊散" has already been taken.
扩展词名称 "九味竺黄散" has already been taken.
扩展词名称 "九味獐牙菜丸" has already been taken.
扩展词名称 "九味渣驯丸" has already been taken.
扩展词名称 "九气拈痛丸" has already been taken.
扩展词名称 "九归强肾酒" has already been taken.
扩展词名称 "九宝丸" has already been taken.
扩展词名称 "久强脑立清" has already been taken.
扩展词名称 "久痢丸" has already been taken.
扩展词名称 "净石灵片" has already been taken.
扩展词名称 "颈痛片" has already been taken.
扩展词名称 "颈康片" has already been taken.
扩展词名称 "经前安片" has already been taken.
扩展词名称 "精乌片" has already been taken.
扩展词名称 "精氨酸" has already been taken.
扩展词名称 "金斛酒" has already been taken.
扩展词名称 "金蚧片" has already been taken.
扩展词名称 "金栀洁龈含漱液" has already been taken.
扩展词名称 "金匮肾气丸" has already been taken.
扩展词名称 "金匮肾气片" has already been taken.
扩展词名称 "金樱子膏" has already been taken.
扩展词名称 "金衣万应丸" has already been taken.
扩展词名称 "金玄痔科熏洗散" has already been taken.
扩展词名称 "金香疏肝片" has already been taken.
扩展词名称 "金酸萍片" has already been taken.
扩展词名称 "金术跌打丸" has already been taken.
扩展词名称 "金嗓利咽丸" has already been taken.
扩展词名称 "金嗓利咽片" has already been taken.
扩展词名称 "金嗓开音丸" has already been taken.
扩展词名称 "金嗓开音片" has already been taken.
扩展词名称 "金菌灵片" has already been taken.
扩展词名称 "金槐冠心片" has already been taken.
扩展词名称 "金喉散" has already been taken.
扩展词名称 "金果饮" has already been taken.
扩展词名称 "金关片" has already been taken.
扩展词名称 "金骨莲片" has already been taken.
扩展词名称 "金感欣片" has already been taken.
扩展词名称 "金佛酒" has already been taken.
扩展词名称 "金胆片" has already been taken.
扩展词名称 "筋痛消酊" has already been taken.
扩展词名称 "筋伤宁湿敷剂" has already been taken.
扩展词名称 "解肌宁嗽丸" has already been taken.
扩展词名称 "解肌宁嗽片" has already been taken.
扩展词名称 "解表清金散" has already been taken.
扩展词名称 "竭红跌打酊" has already been taken.
扩展词名称 "角鲨烯" has already been taken.
扩展词名称 "焦楂化滞丸" has already been taken.
扩展词名称 "降压片" has already been taken.
扩展词名称 "降气定喘丸" has already been taken.
扩展词名称 "降酶灵片" has already been taken.
扩展词名称 "姜酊" has already been taken.
扩展词名称 "建曲" has already been taken.
扩展词名称 "建参片" has already been taken.
扩展词名称 "健阳片" has already been taken.
扩展词名称 "健肾壮腰丸" has already been taken.
扩展词名称 "健神宁片" has already been taken.
扩展词名称 "健骨生丸" has already been taken.
扩展词名称 "健肝片" has already been taken.
扩展词名称 "健肝灵片" has already been taken.
扩展词名称 "健肺丸" has already been taken.
扩展词名称 "健宝灵片" has already been taken.
扩展词名称 "肩痛宁搽剂" has already been taken.
扩展词名称 "间苯三酚" has already been taken.
扩展词名称 "间苯二酚" has already been taken.
扩展词名称 "甲钴胺片" has already been taken.
扩展词名称 "甲钴胺" has already been taken.
扩展词名称 "甲异靛片" has already been taken.
扩展词名称 "甲异靛" has already been taken.
扩展词名称 "甲氧苄啶" has already been taken.
扩展词名称 "甲氧氯普胺片" has already been taken.
扩展词名称 "甲氧氯普胺" has already been taken.
扩展词名称 "甲硝唑" has already been taken.
扩展词名称 "甲磺司特" has already been taken.
扩展词名称 "甲丙氨酯" has already been taken.
扩展词名称 "甲氨蝶呤片" has already been taken.
扩展词名称 "甲氨蝶呤" has already been taken.
扩展词名称 "加巴喷丁片" has already been taken.
扩展词名称 "加巴喷丁" has already been taken.
扩展词名称 "佳蓉丸" has already been taken.
扩展词名称 "佳蓉片" has already been taken.
扩展词名称 "济众酊" has already been taken.
扩展词名称 "济泰片" has already been taken.
扩展词名称 "济生橘核丸" has already been taken.
扩展词名称 "济生万应锭" has already been taken.
扩展词名称 "济生肾气丸" has already been taken.
扩展词名称 "济生肾气片" has already been taken.
扩展词名称 "济坤丸" has already been taken.
扩展词名称 "吉非罗齐片" has already been taken.
扩展词名称 "吉非罗齐" has already been taken.
扩展词名称 "鸡苏丸" has already been taken.
扩展词名称 "肌苷片" has already been taken.
扩展词名称 "肌苷" has already been taken.
扩展词名称 "肌醇" has already been taken.
扩展词名称 "活心丸" has already been taken.
扩展词名称 "活胃散" has already been taken.
扩展词名称 "混元丸" has already been taken.
扩展词名称 "惠血生片" has already been taken.
扩展词名称 "灰黄霉素" has already been taken.
扩展词名称 "磺胺脒" has already been taken.
扩展词名称 "黄萱益肝丸" has already been taken.
扩展词名称 "黄萱益肝散" has already been taken.
扩展词名称 "黄体酮" has already been taken.
扩展词名称 "黄藤素栓" has already been taken.
扩展词名称 "黄藤素片" has already been taken.
扩展词名称 "黄藤素" has already been taken.
扩展词名称 "黄水疮散" has already been taken.
扩展词名称 "黄升丹" has already been taken.
扩展词名称 "黄根片" has already been taken.
扩展词名称 "换骨丸" has already been taken.
扩展词名称 "还少丸" has already been taken.
扩展词名称 "还少丹" has already been taken.
扩展词名称 "环孢素" has already been taken.
扩展词名称 "环吡酮胺乳膏" has already been taken.
扩展词名称 "环吡酮胺" has already been taken.
扩展词名称 "环心丹" has already been taken.
扩展词名称 "环索奈德" has already been taken.
扩展词名称 "环丝氨酸" has already been taken.
扩展词名称 "槐耳菌质" has already been taken.
扩展词名称 "槐定碱" has already been taken.
扩展词名称 "化痔栓" has already been taken.
扩展词名称 "化痔片" has already been taken.
扩展词名称 "化痔灵片" has already been taken.
扩展词名称 "化积散" has already been taken.
扩展词名称 "化积片" has already been taken.
扩展词名称 "化风丹" has already been taken.
扩展词名称 "化毒散" has already been taken.
扩展词名称 "化毒丹" has already been taken.
扩展词名称 "化虫丸" has already been taken.
扩展词名称 "滑石粉" has already been taken.
扩展词名称 "华蟾素片" has already been taken.
扩展词名称 "华法林钠片" has already been taken.
扩展词名称 "华法林钠" has already been taken.
扩展词名称 "花蛇解痒片" has already been taken.
扩展词名称 "护肝丸" has already been taken.
扩展词名称 "护肝片" has already been taken.
扩展词名称 "护肝宁丸" has already been taken.
扩展词名称 "护肝宁片" has already been taken.
扩展词名称 "虎力散片" has already been taken.
扩展词名称 "虎力散" has already been taken.
扩展词名称 "糊药" has already been taken.
扩展词名称 "胡日查六味丸" has already been taken.
扩展词名称 "厚元行气丸" has already been taken.
扩展词名称 "猴菇饮" has already been taken.
扩展词名称 "猴菇片" has already been taken.
扩展词名称 "喉症丸" has already been taken.
扩展词名称 "喉药散" has already been taken.
扩展词名称 "喉痛丸" has already been taken.
扩展词名称 "喉痛片" has already been taken.
扩展词名称 "喉痛灵片" has already been taken.
扩展词名称 "喉康散" has already been taken.
扩展词名称 "喉疾灵片" has already been taken.
扩展词名称 "红药贴膏" has already been taken.
扩展词名称 "红霉素" has already been taken.
扩展词名称 "红灵散" has already been taken.
扩展词名称 "红金消结片" has already been taken.
扩展词名称 "红花油" has already been taken.
扩展词名称 "红古豆醇酯" has already been taken.
扩展词名称 "黑锡丹" has already been taken.
扩展词名称 "黑归脾丸" has already been taken.
扩展词名称 "鹤蟾片" has already been taken.
扩展词名称 "河车大造丸" has already been taken.
扩展词名称 "河车大造片" has already been taken.
扩展词名称 "河车补丸" has already been taken.
扩展词名称 "荷丹片" has already been taken.
扩展词名称 "汉防己甲素片" has already been taken.
扩展词名称 "汉防己甲素" has already been taken.
扩展词名称 "寒泻片" has already been taken.
扩展词名称 "寒湿痹片" has already been taken.
扩展词名称 "寒喘丸" has already been taken.
扩展词名称 "寒痹停片" has already been taken.
扩展词名称 "海呋龙散" has already been taken.
扩展词名称 "海甘胃片" has already been taken.
扩展词名称 "哈西奈德涂膜剂" has already been taken.
扩展词名称 "哈西奈德乳膏" has already been taken.
扩展词名称 "哈西奈德" has already been taken.
扩展词名称 "哈敦海鲁木勒九味丸" has already been taken.
扩展词名称 "果糖" has already been taken.
扩展词名称 "国公酒" has already been taken.
扩展词名称 "桂芍镇痫片" has already been taken.
扩展词名称 "桂蒲肾清片" has already been taken.
扩展词名称 "桂美辛" has already been taken.
扩展词名称 "桂美酸片" has already been taken.
扩展词名称 "桂美酸" has already been taken.
扩展词名称 "桂灵丸" has already been taken.
扩展词名称 "桂灵片" has already been taken.
扩展词名称 "桂附理中丸" has already been taken.
扩展词名称 "癸氟奋乃静" has already been taken.
扩展词名称 "龟苓膏" has already been taken.
扩展词名称 "龟蛇酒" has already been taken.
扩展词名称 "龟茸壮骨片" has already been taken.
扩展词名称 "龟鹿滋肾丸" has already been taken.
扩展词名称 "龟鹿宁神丸" has already been taken.
扩展词名称 "龟鹿二仙膏" has already been taken.
扩展词名称 "龟龄集" has already been taken.
扩展词名称 "归肾丸" has already been taken.
扩展词名称 "归芍六君丸" has already been taken.
扩展词名称 "归脾液" has already been taken.
扩展词名称 "归脾丸" has already been taken.
扩展词名称 "归脾片" has already been taken.
扩展词名称 "归脾膏" has already been taken.
扩展词名称 "硅炭银片" has already been taken.
扩展词名称 "广羚散" has already been taken.
扩展词名称 "冠心丸" has already been taken.
扩展词名称 "冠心通片" has already been taken.
扩展词名称 "冠心泰丸" has already been taken.
扩展词名称 "冠心苏合丸" has already been taken.
扩展词名称 "冠心七味片" has already been taken.
扩展词名称 "冠心宁片" has already been taken.
扩展词名称 "冠心康片" has already been taken.
扩展词名称 "冠心膏" has already been taken.
扩展词名称 "冠心丹芍片" has already been taken.
扩展词名称 "冠脉通片" has already been taken.
扩展词名称 "冠脉宁片" has already been taken.
扩展词名称 "冠脉康片" has already been taken.
扩展词名称 "固元片" has already been taken.
扩展词名称 "固肾定喘丸" has already been taken.
扩展词名称 "固经丸" has already been taken.
扩展词名称 "固精麦斯哈片" has already been taken.
扩展词名称 "固齿散" has already been taken.
扩展词名称 "谷胱甘肽" has already been taken.
扩展词名称 "谷维素" has already been taken.
扩展词名称 "谷氨酸钠" has already been taken.
扩展词名称 "谷氨酸" has already been taken.
扩展词名称 "骨肽片" has already been taken.
扩展词名称 "骨苓通痹丸" has already been taken.
扩展词名称 "骨剌平片" has already been taken.
扩展词名称 "骨增消片" has already been taken.
扩展词名称 "骨愈灵片" has already been taken.
扩展词名称 "骨友灵贴膏" has already been taken.
扩展词名称 "骨友灵搽剂" has already been taken.
扩展词名称 "骨炎灵片" has already been taken.
扩展词名称 "骨仙片" has already been taken.
扩展词名称 "骨通贴膏" has already been taken.
扩展词名称 "骨泰酊" has already been taken.
扩展词名称 "骨松宝丸" has already been taken.
扩展词名称 "骨松宝片" has already been taken.
扩展词名称 "骨筋丸片" has already been taken.
扩展词名称 "骨筋丸" has already been taken.
扩展词名称 "骨健灵膏" has already been taken.
扩展词名称 "骨参片" has already been taken.
扩展词名称 "古楼山跌打丸" has already been taken.
扩展词名称 "钩藤片" has already been taken.
扩展词名称 "汞溴红" has already been taken.
扩展词名称 "宫炎平片" has already been taken.
扩展词名称 "宫糜膏" has already been taken.
扩展词名称 "宫瘤清片" has already been taken.
扩展词名称 "宫瘤宁片" has already been taken.
扩展词名称 "更昔洛韦眼膏" has already been taken.
扩展词名称 "更昔洛韦片" has already been taken.
扩展词名称 "更昔洛韦钠" has already been taken.
扩展词名称 "更昔洛韦" has already been taken.
扩展词名称 "根痛平丸" has already been taken.
扩展词名称 "根痛平片" has already been taken.
扩展词名称 "格隆溴铵片" has already been taken.
扩展词名称 "格隆溴铵" has already been taken.
扩展词名称 "葛根素" has already been taken.
扩展词名称 "高锰酸钾" has already been taken.
扩展词名称 "肛泰栓" has already been taken.
扩展词名称 "肛泰" has already been taken.
扩展词名称 "肛康穆库利片" has already been taken.
扩展词名称 "肛安栓" has already been taken.
扩展词名称 "感通片" has already been taken.
扩展词名称 "感速康片" has already been taken.
扩展词名称 "肝悦片" has already been taken.
扩展词名称 "肝胃气痛片" has already been taken.
扩展词名称 "肝速康片" has already been taken.
扩展词名称 "肝素钠" has already been taken.
扩展词名称 "肝苏丸" has already been taken.
扩展词名称 "肝苏片" has already been taken.
扩展词名称 "肝舒片" has already been taken.
扩展词名称 "肝宁片" has already been taken.
扩展词名称 "肝络欣丸" has already been taken.
扩展词名称 "肝康片" has already been taken.
扩展词名称 "肝加欣片" has already been taken.
扩展词名称 "肝复乐片" has already been taken.
扩展词名称 "肝复康丸" has already been taken.
扩展词名称 "肝毒净丸" has already been taken.
扩展词名称 "肝达片" has already been taken.
扩展词名称 "甘羟铝片" has already been taken.
扩展词名称 "甘羟铝" has already been taken.
扩展词名称 "甘油" has already been taken.
扩展词名称 "甘糖酯片" has already been taken.
扩展词名称 "甘糖酯" has already been taken.
扩展词名称 "甘露醇" has already been taken.
扩展词名称 "甘磷酰芥片" has already been taken.
扩展词名称 "甘桔冰梅片" has already been taken.
扩展词名称 "甘海胃康片" has already been taken.
扩展词名称 "甘氨酸" has already been taken.
扩展词名称 "甘氨双唑钠" has already been taken.
扩展词名称 "干髓糊" has already been taken.
扩展词名称 "干酵母" has already been taken.
扩展词名称 "盖胃平片" has already been taken.
扩展词名称 "妇月康片" has already been taken.
扩展词名称 "妇炎舒片" has already been taken.
扩展词名称 "妇炎平栓" has already been taken.
扩展词名称 "妇炎平散" has already been taken.
扩展词名称 "妇炎灵栓" has already been taken.
扩展词名称 "妇炎康丸" has already been taken.
扩展词名称 "妇炎康片" has already been taken.
扩展词名称 "妇炎净片" has already been taken.
扩展词名称 "妇血安片" has already been taken.
扩展词名称 "妇舒丸" has already been taken.
扩展词名称 "妇宁丸" has already been taken.
扩展词名称 "妇宁栓" has already been taken.
扩展词名称 "妇宁康片" has already been taken.
扩展词名称 "妇良片" has already been taken.
扩展词名称 "妇乐片" has already been taken.
扩展词名称 "妇康丸" has already been taken.
扩展词名称 "妇康栓" has already been taken.
扩展词名称 "妇康片" has already been taken.
扩展词名称 "妇洁搽剂" has already been taken.
扩展词名称 "妇宝金丸" has already been taken.
扩展词名称 "附片液" has already been taken.
扩展词名称 "腹可安片" has already been taken.
扩展词名称 "复心片" has already been taken.
扩展词名称 "复胃散片" has already been taken.
扩展词名称 "复肾宁片" has already been taken.
扩展词名称 "复肝宁片" has already been taken.
扩展词名称 "复肝能片" has already been taken.
扩展词名称 "脯氨酸" has already been taken.
扩展词名称 "斧标驱风油" has already been taken.
扩展词名称 "福莫司汀" has already been taken.
扩展词名称 "福多司坦片" has already been taken.
扩展词名称 "福多司坦" has already been taken.
扩展词名称 "氟脲苷" has already been taken.
扩展词名称 "氟马西尼" has already been taken.
扩展词名称 "氟康唑" has already been taken.
扩展词名称 "氟化钠" has already been taken.
扩展词名称 "肤疡散" has already been taken.
扩展词名称 "肤康搽剂" has already been taken.
扩展词名称 "风油精" has already been taken.
扩展词名称 "风痛丸" has already been taken.
扩展词名称 "风痛片" has already been taken.
扩展词名称 "风痛宁片" has already been taken.
扩展词名称 "风痛灵" has already been taken.
扩展词名称 "蜂蜜" has already been taken.
扩展词名称 "封髓丸" has already been taken.
扩展词名称 "奋乃静片" has already been taken.
扩展词名称 "奋乃静" has already been taken.
扩展词名称 "酚酞" has already been taken.
扩展词名称 "酚麻美敏片" has already been taken.
扩展词名称 "酚麻美敏混悬液" has already been taken.
扩展词名称 "酚咖片" has already been taken.
扩展词名称 "酚氨咖敏片" has already been taken.
扩展词名称 "芬布芬片" has already been taken.
扩展词名称 "芬布芬" has already been taken.
扩展词名称 "肺心片" has already been taken.
扩展词名称 "肺宁丸" has already been taken.
扩展词名称 "肺宁片" has already been taken.
扩展词名称 "肺毒清片" has already been taken.
扩展词名称 "肺安片" has already been taken.
扩展词名称 "肥儿丸" has already been taken.
扩展词名称 "肥儿散" has already been taken.
扩展词名称 "肥儿片" has already been taken.
扩展词名称 "非诺洛芬钙" has already been taken.
扩展词名称 "非洛地平" has already been taken.
扩展词名称 "泛影酸" has already been taken.
扩展词名称 "泛昔洛韦片" has already been taken.
扩展词名称 "泛昔洛韦" has already been taken.
扩展词名称 "法莫替丁" has already been taken.
扩展词名称 "法落海片" has already been taken.
扩展词名称 "法可林" has already been taken.
扩展词名称 "二巯丁二钠" has already been taken.
扩展词名称 "二益丸" has already been taken.
扩展词名称 "二氧丙嗪苯丙哌林片" has already been taken.
扩展词名称 "二仙膏" has already been taken.
扩展词名称 "二母宁嗽丸" has already been taken.
扩展词名称 "二母宁嗽片" has already been taken.
扩展词名称 "二母安嗽丸" has already been taken.
扩展词名称 "二母安嗽片" has already been taken.
扩展词名称 "二妙丸" has already been taken.
扩展词名称 "二氟尼柳片" has already been taken.
扩展词名称 "二氟尼柳" has already been taken.
扩展词名称 "二冬膏" has already been taken.
扩展词名称 "二丁片" has already been taken.
扩展词名称 "二氮嗪" has already been taken.
扩展词名称 "二陈丸" has already been taken.
扩展词名称 "儿肤康搽剂" has already been taken.
扩展词名称 "儿宝膏" has already been taken.
扩展词名称 "恩替卡韦片" has already been taken.
扩展词名称 "恩替卡韦" has already been taken.
扩展词名称 "恩夫韦肽" has already been taken.
扩展词名称 "饿求齐片" has already been taken.
扩展词名称 "厄多司坦片" has already been taken.
扩展词名称 "厄多司坦" has already been taken.
扩展词名称 "厄贝沙坦片" has already been taken.
扩展词名称 "厄贝沙坦" has already been taken.
扩展词名称 "蛾苓丸" has already been taken.
扩展词名称 "多酶片" has already been taken.
扩展词名称 "多库酯钠片" has already been taken.
扩展词名称 "多库酯钠" has already been taken.
扩展词名称 "盾叶冠心宁片" has already been taken.
扩展词名称 "肚痛丸" has already been taken.
扩展词名称 "杜蛭丸" has already been taken.
扩展词名称 "都梁丸" has already been taken.
扩展词名称 "冻可消搽剂" has already been taken.
扩展词名称 "东乐膏" has already been taken.
扩展词名称 "定眩丸" has already been taken.
扩展词名称 "定心丸" has already been taken.
扩展词名称 "定坤丸" has already been taken.
扩展词名称 "定坤丹" has already been taken.
扩展词名称 "定喘止嗽丸" has already been taken.
扩展词名称 "定喘膏" has already been taken.
扩展词名称 "定搐化风丸" has already been taken.
扩展词名称 "丁蔻理中丸" has already been taken.
扩展词名称 "丁硼乳膏" has already been taken.
扩展词名称 "丁桂温胃散" has already been taken.
扩展词名称 "丁桂儿脐贴" has already been taken.
扩展词名称 "跌打万花油" has already been taken.
扩展词名称 "跌打丸" has already been taken.
扩展词名称 "跌打生骨片" has already been taken.
扩展词名称 "跌打七厘散" has already been taken.
扩展词名称 "跌打七厘片" has already been taken.
扩展词名称 "跌打片" has already been taken.
扩展词名称 "调中四消丸" has already been taken.
扩展词名称 "调脂片" has already been taken.
扩展词名称 "调胃消滞丸" has already been taken.
扩展词名称 "调胃舒肝丸" has already been taken.
扩展词名称 "调胃丹" has already been taken.
扩展词名称 "调气丸" has already been taken.
扩展词名称 "吊筋药" has already been taken.
扩展词名称 "靛玉红片" has already been taken.
扩展词名称 "靛玉红" has already been taken.
扩展词名称 "点舌丸" has already been taken.
扩展词名称 "碘酊" has already been taken.
扩展词名称 "碘糖丸" has already been taken.
扩展词名称 "碘散" has already been taken.
扩展词名称 "碘帕醇" has already been taken.
扩展词名称 "碘克沙醇" has already been taken.
扩展词名称 "碘解磷定" has already been taken.
扩展词名称 "碘化钠" has already been taken.
扩展词名称 "碘化钾" has already been taken.
扩展词名称 "碘海醇" has already been taken.
扩展词名称 "碘佛醇" has already been taken.
扩展词名称 "碘番酸片" has already been taken.
扩展词名称 "碘番酸" has already been taken.
扩展词名称 "碘苯酯" has already been taken.
扩展词名称 "涤痰丸" has already been taken.
扩展词名称 "滴耳油" has already been taken.
扩展词名称 "导赤丸" has already been taken.
扩展词名称 "导便栓" has already been taken.
扩展词名称 "蛋氨酸" has already been taken.
扩展词名称 "胆影酸" has already been taken.
扩展词名称 "胆益宁片" has already been taken.
扩展词名称 "胆维丁乳" has already been taken.
扩展词名称 "胆维丁片" has already been taken.
扩展词名称 "胆维丁" has already been taken.
扩展词名称 "胆酸" has already been taken.
扩展词名称 "胆舒片" has already been taken.
扩展词名称 "胆清片" has already been taken.
扩展词名称 "胆宁片" has already been taken.
扩展词名称 "胆龙止喘片" has already been taken.
扩展词名称 "胆康片" has already been taken.
扩展词名称 "胆红素" has already been taken.
扩展词名称 "胆固醇" has already been taken.
扩展词名称 "丹蒌片" has already been taken.
扩展词名称 "丹萸片" has already been taken.
扩展词名称 "丹莪妇康煎膏" has already been taken.
扩展词名称 "丹芎跌打膏" has already been taken.
扩展词名称 "丹郁骨康丸" has already been taken.
扩展词名称 "丹益片" has already been taken.
扩展词名称 "丹曲林钠" has already been taken.
扩展词名称 "丹七片" has already been taken.
扩展词名称 "丹鹿通督片" has already been taken.
扩展词名称 "丹黄祛瘀片" has already been taken.
扩展词名称 "丹灯通脑片" has already been taken.
扩展词名称 "代温灸膏" has already been taken.
扩展词名称 "带症丸" has already been taken.
扩展词名称 "大蒜素" has already been taken.
扩展词名称 "大七厘丸" has already been taken.
扩展词名称 "大七厘散" has already been taken.
扩展词名称 "大七厘片" has already been taken.
扩展词名称 "大枫子油" has already been taken.
扩展词名称 "大豆油" has already been taken.
扩展词名称 "大豆磷脂" has already been taken.
扩展词名称 "打虎壮元丸" has already been taken.
扩展词名称 "达沙替尼片" has already been taken.
扩展词名称 "达沙替尼" has already been taken.
扩展词名称 "达肺草" has already been taken.
扩展词名称 "催汤丸" has already been taken.
扩展词名称 "醋羟胺酸" has already been taken.
扩展词名称 "醋硝香豆素片" has already been taken.
扩展词名称 "醋酸钠" has already been taken.
扩展词名称 "醋酸" has already been taken.
扩展词名称 "醋氯芬酸片" has already been taken.
扩展词名称 "醋氯芬酸肠溶片" has already been taken.
扩展词名称 "醋氯芬酸" has already been taken.
扩展词名称 "醋甲唑胺片" has already been taken.
扩展词名称 "醋甲唑胺" has already been taken.
扩展词名称 "次没食子酸铋" has already been taken.
扩展词名称 "刺五加片" has already been taken.
扩展词名称 "刺五加脑灵液" has already been taken.
扩展词名称 "刺五加茶" has already been taken.
扩展词名称 "磁朱丸" has already been taken.
扩展词名称 "创灼膏" has already been taken.
扩展词名称 "疮疡膏" has already been taken.
扩展词名称 "喘嗽宁片" has already been taken.
扩展词名称 "喘舒片" has already been taken.
扩展词名称 "喘咳宁片" has already been taken.
扩展词名称 "穿琥宁" has already been taken.
扩展词名称 "穿金益肝片" has already been taken.
扩展词名称 "川桂散" has already been taken.
扩展词名称 "雏凤精" has already been taken.
扩展词名称 "齿痛宁" has already been taken.
扩展词名称 "齿痛冰硼散" has already been taken.
扩展词名称 "肠舒通栓" has already been taken.
扩展词名称 "肠舒片" has already been taken.
扩展词名称 "肠痢宁片" has already been taken.
扩展词名称 "肠康片" has already been taken.
扩展词名称 "产灵丸" has already been taken.
扩展词名称 "产复欣丸" has already been taken.
扩展词名称 "柴芩清宁片" has already been taken.
扩展词名称 "茶碱" has already been taken.
扩展词名称 "苍夷滴鼻油" has already been taken.
扩展词名称 "苍夷滴鼻剂" has already been taken.
扩展词名称 "参杞全鹿丸" has already been taken.
扩展词名称 "参杞片" has already been taken.
扩展词名称 "参杞酒" has already been taken.
扩展词名称 "参苓益肾酒" has already been taken.
扩展词名称 "参苓归元膏" has already been taken.
扩展词名称 "参芪益肺丸" has already been taken.
扩展词名称 "参芪温阳栓" has already been taken.
扩展词名称 "参芪丸" has already been taken.
扩展词名称 "参芪膏" has already been taken.
扩展词名称 "参芪肝康片" has already been taken.
扩展词名称 "参芪二仙片" has already been taken.
扩展词名称 "参芪博力康片" has already been taken.
扩展词名称 "参阳片" has already been taken.
扩展词名称 "参仙片" has already been taken.
扩展词名称 "参乌益肾片" has already been taken.
扩展词名称 "参维灵片" has already been taken.
扩展词名称 "参苏丸" has already been taken.
扩展词名称 "参苏片" has already been taken.
扩展词名称 "参芍片" has already been taken.
扩展词名称 "参三七伤药" has already been taken.
扩展词名称 "参蓉健腰酒" has already been taken.
扩展词名称 "参七心疏片" has already been taken.
扩展词名称 "参七乳泰片" has already been taken.
扩展词名称 "参鹿膏" has already been taken.
扩展词名称 "参鹿茶" has already been taken.
扩展词名称 "参鹿补片" has already been taken.
扩展词名称 "参鹿补膏" has already been taken.
扩展词名称 "参皇乳膏" has already been taken.
扩展词名称 "参桂养荣丸" has already been taken.
扩展词名称 "参桂理中丸" has already been taken.
扩展词名称 "参柴肝康片" has already been taken.
扩展词名称 "采云曲" has already been taken.
扩展词名称 "布洛芬" has already been taken.
扩展词名称 "补心丸" has already been taken.
扩展词名称 "补心片" has already been taken.
扩展词名称 "补天灵片" has already been taken.
扩展词名称 "补脾益肠丸" has already been taken.
扩展词名称 "补金片" has already been taken.
扩展词名称 "补肺丸" has already been taken.
扩展词名称 "驳骨水" has already been taken.
扩展词名称 "博性康药膜" has already been taken.
扩展词名称 "博落回肿痒酊" has already been taken.
扩展词名称 "拨云退翳丸" has already been taken.
扩展词名称 "拨云锭" has already been taken.
扩展词名称 "菠白散" has already been taken.
扩展词名称 "丙硫异烟胺片" has already been taken.
扩展词名称 "丙硫异烟胺肠溶片" has already been taken.
扩展词名称 "丙硫异烟胺" has already been taken.
扩展词名称 "丙磺舒" has already been taken.
扩展词名称 "丙谷胺片" has already been taken.
扩展词名称 "丙谷胺" has already been taken.
扩展词名称 "丙泊酚" has already been taken.
扩展词名称 "丙氨酸" has already been taken.
扩展词名称 "冰片" has already been taken.
扩展词名称 "冰硼散" has already been taken.
扩展词名称 "冰连滴耳剂" has already been taken.
扩展词名称 "冰矾清毒生肌散" has already been taken.
扩展词名称 "冰胆搽剂" has already been taken.
扩展词名称 "冰醋酸" has already been taken.
扩展词名称 "别嘌醇片" has already been taken.
扩展词名称 "别嘌醇" has already been taken.
扩展词名称 "便通片" has already been taken.
扩展词名称 "便乃通茶" has already been taken.
扩展词名称 "避瘟散" has already been taken.
扩展词名称 "辟瘟片" has already been taken.
扩展词名称 "痹欣片" has already been taken.
扩展词名称 "痹痛酊" has already been taken.
扩展词名称 "痹痛熨剂" has already been taken.
扩展词名称 "痹克片" has already been taken.
扩展词名称 "蓖麻油" has already been taken.
扩展词名称 "鼻渊丸" has already been taken.
扩展词名称 "鼻渊片" has already been taken.
扩展词名称 "鼻通丸" has already been taken.
扩展词名称 "鼻通滴鼻剂" has already been taken.
扩展词名称 "鼻康片" has already been taken.
扩展词名称 "苯溴马隆片" has already been taken.
扩展词名称 "苯溴马隆" has already been taken.
扩展词名称 "苯噻啶片" has already been taken.
扩展词名称 "苯扎溴铵酊" has already been taken.
扩展词名称 "苯扎溴铵" has already been taken.
扩展词名称 "苯扎氯铵贴" has already been taken.
扩展词名称 "苯扎氯铵" has already been taken.
扩展词名称 "苯妥英钠片" has already been taken.
扩展词名称 "苯妥英钠" has already been taken.
扩展词名称 "苯甲酸钠" has already been taken.
扩展词名称 "苯甲酸" has already been taken.
扩展词名称 "苯酚" has already been taken.
扩展词名称 "苯丙氨酯片" has already been taken.
扩展词名称 "苯丙氨酯" has already been taken.
扩展词名称 "苯丙氨酸" has already been taken.
扩展词名称 "贝诺酯片" has already been taken.
扩展词名称 "贝诺酯" has already been taken.
扩展词名称 "贝羚散" has already been taken.
扩展词名称 "豹骨酒" has already been taken.
扩展词名称 "抱龙丸" has already been taken.
扩展词名称 "宝儿康散" has already been taken.
扩展词名称 "保元丸" has already been taken.
扩展词名称 "保幼化风丹" has already been taken.
扩展词名称 "保婴散" has already been taken.
扩展词名称 "保心宁片" has already been taken.
扩展词名称 "保泰松片" has already been taken.
扩展词名称 "保泰松" has already been taken.
扩展词名称 "保济油" has already been taken.
扩展词名称 "保济丸" has already been taken.
扩展词名称 "保妇康栓" has already been taken.
扩展词名称 "保赤散" has already been taken.
扩展词名称 "薄芝片" has already been taken.
扩展词名称 "薄荷脑" has already been taken.
扩展词名称 "半胱氨酸" has already been taken.
扩展词名称 "半枝莲片" has already been taken.
扩展词名称 "半硫丸" has already been taken.
扩展词名称 "半贝丸" has already been taken.
扩展词名称 "败酱片" has already been taken.
扩展词名称 "百癣夏塔热片" has already been taken.
扩展词名称 "百效丸" has already been taken.
扩展词名称 "百树油" has already been taken.
扩展词名称 "百蕊片" has already been taken.
扩展词名称 "百令片" has already been taken.
扩展词名称 "百咳宁片" has already been taken.
扩展词名称 "百补增力丸" has already been taken.
扩展词名称 "柏子滋心丸" has already been taken.
扩展词名称 "白痧散" has already been taken.
扩展词名称 "白蔻调中丸" has already been taken.
扩展词名称 "白杏片" has already been taken.
扩展词名称 "白消安片" has already been taken.
扩展词名称 "白消安" has already been taken.
扩展词名称 "白树油" has already been taken.
扩展词名称 "白蚀丸" has already been taken.
扩展词名称 "白葡奈氏菌片" has already been taken.
扩展词名称 "白避瘟散" has already been taken.
扩展词名称 "巴氯芬片" has already been taken.
扩展词名称 "巴氯芬" has already been taken.
扩展词名称 "巴柳氮钠片" has already been taken.
扩展词名称 "巴柳氮钠" has already been taken.
扩展词名称 "八珍益母丸" has already been taken.
扩展词名称 "八珍益母片" has already been taken.
扩展词名称 "八珍益母膏" has already been taken.
扩展词名称 "八珍液" has already been taken.
扩展词名称 "八珍丸" has already been taken.
扩展词名称 "八珍片" has already been taken.
扩展词名称 "八珍膏" has already been taken.
扩展词名称 "八珍补汁" has already been taken.
扩展词名称 "八味獐牙菜丸" has already been taken.
扩展词名称 "八味獐牙菜片" has already been taken.
扩展词名称 "八味主药散" has already been taken.
扩展词名称 "八味益肾丸" has already been taken.
扩展词名称 "八味锡类散" has already been taken.
扩展词名称 "八味肾气丸" has already been taken.
扩展词名称 "八味三香散" has already been taken.
扩展词名称 "八厘散" has already been taken.
扩展词名称 "八宝五胆药墨" has already been taken.
扩展词名称 "八宝瑞生丸" has already been taken.
扩展词名称 "八宝坤顺丸" has already been taken.
扩展词名称 "八宝丹" has already been taken.
扩展词名称 "澳泰乐片" has already been taken.
扩展词名称 "奥替溴铵片" has already been taken.
扩展词名称 "奥替溴铵" has already been taken.
扩展词名称 "奥沙西泮片" has already been taken.
扩展词名称 "奥沙西泮" has already been taken.
扩展词名称 "奥沙普秦片" has already been taken.
扩展词名称 "奥沙普秦肠溶片" has already been taken.
扩展词名称 "奥沙普秦" has already been taken.
扩展词名称 "奥沙利铂" has already been taken.
扩展词名称 "奥芬溴铵片" has already been taken.
扩展词名称 "奥芬溴铵" has already been taken.
扩展词名称 "奥氮平片" has already been taken.
扩展词名称 "奥氮平" has already been taken.
扩展词名称 "安吖啶" has already been taken.
扩展词名称 "安中片" has already been taken.
扩展词名称 "安胃疡" has already been taken.
扩展词名称 "安胃片" has already been taken.
扩展词名称 "安替比林" has already been taken.
扩展词名称 "安嗽片" has already been taken.
扩展词名称 "安肾丸" has already been taken.
扩展词名称 "安脑丸" has already been taken.
扩展词名称 "安脑片" has already been taken.
扩展词名称 "安乃近" has already been taken.
扩展词名称 "安钠咖片" has already been taken.
扩展词名称 "安络痛酊" has already been taken.
扩展词名称 "安络痛片" has already been taken.
扩展词名称 "安坤赞育丸" has already been taken.
扩展词名称 "安坤片" has already been taken.
扩展词名称 "安喘片" has already been taken.
扩展词名称 "氨肽素片" has already been taken.
扩展词名称 "氨肽素" has already been taken.
扩展词名称 "氨溴特罗片" has already been taken.
扩展词名称 "氨苄西林" has already been taken.
扩展词名称 "氨愈美麻片" has already been taken.
扩展词名称 "氨糖美辛肠溶片" has already been taken.
扩展词名称 "氨曲南" has already been taken.
扩展词名称 "氨麻美敏片" has already been taken.
扩展词名称 "氨麻美敏干混悬剂" has already been taken.
扩展词名称 "氨麻苯美片" has already been taken.
扩展词名称 "氨鲁米特" has already been taken.
扩展词名称 "氨磷汀" has already been taken.
扩展词名称 "氨力农" has already been taken.
扩展词名称 "氨来呫诺糊剂" has already been taken.
扩展词名称 "氨来呫诺" has already been taken.
扩展词名称 "氨咖敏片" has already been taken.
扩展词名称 "氨咖柳胺片" has already been taken.
扩展词名称 "氨咖甘片" has already been taken.
扩展词名称 "氨甲环酸片" has already been taken.
扩展词名称 "氨甲环酸" has already been taken.
扩展词名称 "氨磺必利片" has already been taken.
扩展词名称 "氨磺必利" has already been taken.
扩展词名称 "氨酚伪麻美芬片" has already been taken.
扩展词名称 "氨酚伪麻氯汀片" has already been taken.
扩展词名称 "氨酚曲马多片" has already been taken.
扩展词名称 "氨酚曲麻片" has already been taken.
扩展词名称 "氨酚氢可酮片" has already been taken.
扩展词名称 "氨酚帕马溴片" has already been taken.
扩展词名称 "氨酚麻美干混悬剂" has already been taken.
扩展词名称 "氨酚氯汀伪麻片" has already been taken.
扩展词名称 "氨酚拉明片" has already been taken.
扩展词名称 "氨酚咖匹林片" has already been taken.
扩展词名称 "氨酚咖黄烷胺片" has already been taken.
扩展词名称 "氨酚巴妥片" has already been taken.
扩展词名称 "氨非咖片" has already been taken.
扩展词名称 "氨非咖敏片" has already been taken.
扩展词名称 "氨茶碱" has already been taken.
扩展词名称 "氨苯砜片" has already been taken.
扩展词名称 "氨苯砜" has already been taken.
扩展词名称 "氨苯伪麻片" has already been taken.
扩展词名称 "艾司唑仑片" has already been taken.
扩展词名称 "艾司唑仑" has already been taken.
扩展词名称 "艾附暖宫丸" has already been taken.
扩展词名称 "埃索美拉唑" has already been taken.
扩展词名称 "阿嗪米特" has already been taken.
扩展词名称 "阿昔莫司" has already been taken.
扩展词名称 "阿昔洛韦眼膏" has already been taken.
扩展词名称 "阿昔洛韦乳膏" has already been taken.
扩展词名称 "阿昔洛韦片" has already been taken.
扩展词名称 "阿昔洛韦" has already been taken.
扩展词名称 "阿司匹林" has already been taken.
扩展词名称 "阿普唑仑片" has already been taken.
扩展词名称 "阿普唑仑" has already been taken.
扩展词名称 "阿娜尔妇洁液" has already been taken.
扩展词名称 "阿莫西林" has already been taken.
扩展词名称 "阿仑膦酸钠" has already been taken.
扩展词名称 "阿立哌唑片" has already been taken.
扩展词名称 "阿立哌唑口崩片" has already been taken.
扩展词名称 "阿立哌唑" has already been taken.
扩展词名称 "阿利沙坦酯片" has already been taken.
扩展词名称 "阿利沙坦酯" has already been taken.
扩展词名称 "阿咖片" has already been taken.
扩展词名称 "阿咖酚散" has already been taken.
扩展词名称 "阿桔片" has already been taken.
扩展词名称 "阿胶" has already been taken.
扩展词名称 "阿加曲班" has already been taken.
扩展词名称 "阿戈美拉汀片" has already been taken.
扩展词名称 "阿戈美拉汀" has already been taken.
扩展词名称 "阿酚咖片" has already been taken.
扩展词名称 "阿酚咖敏片" has already been taken.
扩展词名称 "阿苯糖丸" has already been taken.
扩展词名称 "阿苯片" has already been taken.
扩展词名称 "阿苯达唑糖丸" has already been taken.
扩展词名称 "阿苯达唑片" has already been taken.
扩展词名称 "阿苯达唑" has already been taken.
扩展词名称 "楤芝片" has already been taken.
扩展词名称 "棓丙酯" has already been taken.
扩展词名称 "尪痹片" has already been taken.
扩展词名称 "奧美拉唑" has already been taken.
扩展词名称 "东城区" has already been taken.
扩展词名称 "西城区" has already been taken.
扩展词名称 "崇文区" has already been taken.
扩展词名称 "宣武区" has already been taken.
扩展词名称 "朝阳区" has already been taken.
扩展词名称 "丰台区" has already been taken.
扩展词名称 "石景山区" has already been taken.
扩展词名称 "海淀区" has already been taken.
扩展词名称 "门头沟区" has already been taken.
扩展词名称 "房山区" has already been taken.
扩展词名称 "通州区" has already been taken.
扩展词名称 "顺义区" has already been taken.
扩展词名称 "昌平区" has already been taken.
扩展词名称 "大兴区" has already been taken.
扩展词名称 "怀柔区" has already been taken.
扩展词名称 "平谷区" has already been taken.
扩展词名称 "大兴安岭地区" has already been taken.
扩展词名称 "铜仁地区" has already been taken.
扩展词名称 "毕节地区" has already been taken.
扩展词名称 "海东地区" has already been taken.
扩展词名称 "那曲地区" has already been taken.
扩展词名称 "昌都地区" has already been taken.
扩展词名称 "山南地区" has already been taken.
扩展词名称 "日喀则地区" has already been taken.
扩展词名称 "阿里地区" has already been taken.
扩展词名称 "林芝地区" has already been taken.
